# JRE version: OpenJDK Runtime Environment (11.0.8+10) (build 11.0.8+10-b944.6842174)
# Java VM: OpenJDK 64-Bit Server VM (11.0.8+10-b944.6842174, mixed mode, tiered, compressed oops, serial gc, windows-amd64)
Heap:
 def new generation   total 96384K, used 96383K [0x0000000080000000, 0x0000000086890000, 0x00000000aaaa0000)
  eden space 85696K, 100% used [0x0000000080000000, 0x00000000853b0000, 0x00000000853b0000)
  from space 10688K,  99% used [0x0000000085e20000, 0x000000008688fff8, 0x0000000086890000)
  to   space 10688K,  62% used [0x00000000853b0000, 0x0000000085a3edf8, 0x0000000085e20000)
 tenured generation   total 212724K, used 156493K [0x00000000aaaa0000, 0x00000000b7a5d000, 0x0000000100000000)
   the space 212724K,  73% used [0x00000000aaaa0000, 0x00000000b4373728, 0x00000000b4373800, 0x00000000b7a5d000)
 Metaspace       used 139514K, capacity 142912K, committed 143256K, reserved 1175552K
  class space    used 16875K, capacity 18057K, committed 18176K, reserved 1048576K
GC Heap History (20 events):
Event: 618.455 GC heap after
{Heap after GC invocations=54 (full 4):
 def new generation   total 59584K, used 3931K [0x0000000080000000, 0x00000000840a0000, 0x00000000aaaa0000)
  eden space 52992K,   0% used [0x0000000080000000, 0x0000000080000000, 0x00000000833c0000)
  from space 6592K,  59% used [0x0000000083a30000, 0x0000000083e06e88, 0x00000000840a0000)
  to   space 6592K,   0% used [0x00000000833c0000, 0x00000000833c0000, 0x0000000083a30000)
 tenured generation   total 131028K, used 117533K [0x00000000aaaa0000, 0x00000000b2a95000, 0x0000000100000000)
   the space 131028K,  89% used [0x00000000aaaa0000, 0x00000000b1d675d0, 0x00000000b1d67600, 0x00000000b2a95000)
 Metaspace       used 118121K, capacity 121118K, committed 121368K, reserved 1155072K
  class space    used 14686K, capacity 15731K, committed 15744K, reserved 1048576K
}
Event: 621.550 GC heap before
{Heap before GC invocations=54 (full 4):
 def new generation   total 59584K, used 56829K [0x0000000080000000, 0x00000000840a0000, 0x00000000aaaa0000)
  eden space 52992K,  99% used [0x0000000080000000, 0x00000000833a8768, 0x00000000833c0000)
  from space 6592K,  59% used [0x0000000083a30000, 0x0000000083e06e88, 0x00000000840a0000)
  to   space 6592K,   0% used [0x00000000833c0000, 0x00000000833c0000, 0x0000000083a30000)
 tenured generation   total 131028K, used 117533K [0x00000000aaaa0000, 0x00000000b2a95000, 0x0000000100000000)
   the space 131028K,  89% used [0x00000000aaaa0000, 0x00000000b1d675d0, 0x00000000b1d67600, 0x00000000b2a95000)
 Metaspace       used 118167K, capacity 121182K, committed 121368K, reserved 1155072K
  class space    used 14686K, capacity 15731K, committed 15744K, reserved 1048576K
}
Event: 621.596 GC heap after
{Heap after GC invocations=55 (full 4):
 def new generation   total 59584K, used 6592K [0x0000000080000000, 0x00000000840a0000, 0x00000000aaaa0000)
  eden space 52992K,   0% used [0x0000000080000000, 0x0000000080000000, 0x00000000833c0000)
  from space 6592K, 100% used [0x00000000833c0000, 0x0000000083a30000, 0x0000000083a30000)
  to   space 6592K,   0% used [0x0000000083a30000, 0x0000000083a30000, 0x00000000840a0000)
 tenured generation   total 131028K, used 122851K [0x00000000aaaa0000, 0x00000000b2a95000, 0x0000000100000000)
   the space 131028K,  93% used [0x00000000aaaa0000, 0x00000000b2298d90, 0x00000000b2298e00, 0x00000000b2a95000)
 Metaspace       used 118167K, capacity 121182K, committed 121368K, reserved 1155072K
  class space    used 14686K, capacity 15731K, committed 15744K, reserved 1048576K
}
Event: 623.358 GC heap before
{Heap before GC invocations=55 (full 4):
 def new generation   total 59584K, used 59584K [0x0000000080000000, 0x00000000840a0000, 0x00000000aaaa0000)
  eden space 52992K, 100% used [0x0000000080000000, 0x00000000833c0000, 0x00000000833c0000)
  from space 6592K, 100% used [0x00000000833c0000, 0x0000000083a30000, 0x0000000083a30000)
  to   space 6592K,   0% used [0x0000000083a30000, 0x0000000083a30000, 0x00000000840a0000)
 tenured generation   total 131028K, used 122851K [0x00000000aaaa0000, 0x00000000b2a95000, 0x0000000100000000)
   the space 131028K,  93% used [0x00000000aaaa0000, 0x00000000b2298d90, 0x00000000b2298e00, 0x00000000b2a95000)
 Metaspace       used 118545K, capacity 121607K, committed 121752K, reserved 1155072K
  class space    used 14724K, capacity 15787K, committed 15872K, reserved 1048576K
}
Event: 623.872 GC heap after
{Heap after GC invocations=56 (full 5):
 def new generation   total 96384K, used 0K [0x0000000080000000, 0x0000000086890000, 0x00000000aaaa0000)
  eden space 85696K,   0% used [0x0000000080000000, 0x0000000080000000, 0x00000000853b0000)
  from space 10688K,   0% used [0x00000000853b0000, 0x00000000853b0000, 0x0000000085e20000)
  to   space 10688K,   0% used [0x0000000085e20000, 0x0000000085e20000, 0x0000000086890000)
 tenured generation   total 212724K, used 127633K [0x00000000aaaa0000, 0x00000000b7a5d000, 0x0000000100000000)
   the space 212724K,  59% used [0x00000000aaaa0000, 0x00000000b2744668, 0x00000000b2744800, 0x00000000b7a5d000)
 Metaspace       used 118545K, capacity 121607K, committed 121752K, reserved 1155072K
  class space    used 14724K, capacity 15787K, committed 15872K, reserved 1048576K
}
Event: 631.918 GC heap before
{Heap before GC invocations=56 (full 5):
 def new generation   total 96384K, used 85693K [0x0000000080000000, 0x0000000086890000, 0x00000000aaaa0000)
  eden space 85696K,  99% used [0x0000000080000000, 0x00000000853af490, 0x00000000853b0000)
  from space 10688K,   0% used [0x00000000853b0000, 0x00000000853b0000, 0x0000000085e20000)
  to   space 10688K,   0% used [0x0000000085e20000, 0x0000000085e20000, 0x0000000086890000)
 tenured generation   total 212724K, used 127633K [0x00000000aaaa0000, 0x00000000b7a5d000, 0x0000000100000000)
   the space 212724K,  59% used [0x00000000aaaa0000, 0x00000000b2744668, 0x00000000b2744800, 0x00000000b7a5d000)
 Metaspace       used 121399K, capacity 124497K, committed 124568K, reserved 1157120K
  class space    used 14996K, capacity 16061K, committed 16128K, reserved 1048576K
}
Event: 631.963 GC heap after
{Heap after GC invocations=57 (full 5):
 def new generation   total 96384K, used 5075K [0x0000000080000000, 0x0000000086890000, 0x00000000aaaa0000)
  eden space 85696K,   0% used [0x0000000080000000, 0x0000000080000000, 0x00000000853b0000)
  from space 10688K,  47% used [0x0000000085e20000, 0x0000000086314f68, 0x0000000086890000)
  to   space 10688K,   0% used [0x00000000853b0000, 0x00000000853b0000, 0x0000000085e20000)
 tenured generation   total 212724K, used 144017K [0x00000000aaaa0000, 0x00000000b7a5d000, 0x0000000100000000)
   the space 212724K,  67% used [0x00000000aaaa0000, 0x00000000b3744678, 0x00000000b3744800, 0x00000000b7a5d000)
 Metaspace       used 121399K, capacity 124497K, committed 124568K, reserved 1157120K
  class space    used 14996K, capacity 16061K, committed 16128K, reserved 1048576K
}
Event: 633.587 GC heap before
{Heap before GC invocations=57 (full 5):
 def new generation   total 96384K, used 90771K [0x0000000080000000, 0x0000000086890000, 0x00000000aaaa0000)
  eden space 85696K, 100% used [0x0000000080000000, 0x00000000853b0000, 0x00000000853b0000)
  from space 10688K,  47% used [0x0000000085e20000, 0x0000000086314f68, 0x0000000086890000)
  to   space 10688K,   0% used [0x00000000853b0000, 0x00000000853b0000, 0x0000000085e20000)
 tenured generation   total 212724K, used 144017K [0x00000000aaaa0000, 0x00000000b7a5d000, 0x0000000100000000)
   the space 212724K,  67% used [0x00000000aaaa0000, 0x00000000b3744678, 0x00000000b3744800, 0x00000000b7a5d000)
 Metaspace       used 121487K, capacity 124497K, committed 124568K, reserved 1157120K
  class space    used 14997K, capacity 16061K, committed 16128K, reserved 1048576K
}
Event: 633.611 GC heap after
{Heap after GC invocations=58 (full 5):
 def new generation   total 96384K, used 5927K [0x0000000080000000, 0x0000000086890000, 0x00000000aaaa0000)
  eden space 85696K,   0% used [0x0000000080000000, 0x0000000080000000, 0x00000000853b0000)
  from space 10688K,  55% used [0x00000000853b0000, 0x0000000085979f80, 0x0000000085e20000)
  to   space 10688K,   0% used [0x0000000085e20000, 0x0000000085e20000, 0x0000000086890000)
 tenured generation   total 212724K, used 144017K [0x00000000aaaa0000, 0x00000000b7a5d000, 0x0000000100000000)
   the space 212724K,  67% used [0x00000000aaaa0000, 0x00000000b3744678, 0x00000000b3744800, 0x00000000b7a5d000)
 Metaspace       used 121487K, capacity 124497K, committed 124568K, reserved 1157120K
  class space    used 14997K, capacity 16061K, committed 16128K, reserved 1048576K
}
Event: 640.439 GC heap before
{Heap before GC invocations=58 (full 5):
 def new generation   total 96384K, used 91623K [0x0000000080000000, 0x0000000086890000, 0x00000000aaaa0000)
  eden space 85696K, 100% used [0x0000000080000000, 0x00000000853b0000, 0x00000000853b0000)
  from space 10688K,  55% used [0x00000000853b0000, 0x0000000085979f80, 0x0000000085e20000)
  to   space 10688K,   0% used [0x0000000085e20000, 0x0000000085e20000, 0x0000000086890000)
 tenured generation   total 212724K, used 144017K [0x00000000aaaa0000, 0x00000000b7a5d000, 0x0000000100000000)
   the space 212724K,  67% used [0x00000000aaaa0000, 0x00000000b3744678, 0x00000000b3744800, 0x00000000b7a5d000)
 Metaspace       used 124388K, capacity 127492K, committed 127768K, reserved 1161216K
  class space    used 15305K, capacity 16433K, committed 16512K, reserved 1048576K
}
Event: 640.474 GC heap after
{Heap after GC invocations=59 (full 5):
 def new generation   total 96384K, used 4028K [0x0000000080000000, 0x0000000086890000, 0x00000000aaaa0000)
  eden space 85696K,   0% used [0x0000000080000000, 0x0000000080000000, 0x00000000853b0000)
  from space 10688K,  37% used [0x0000000085e20000, 0x000000008620f200, 0x0000000086890000)
  to   space 10688K,   0% used [0x00000000853b0000, 0x00000000853b0000, 0x0000000085e20000)
 tenured generation   total 212724K, used 148605K [0x00000000aaaa0000, 0x00000000b7a5d000, 0x0000000100000000)
   the space 212724K,  69% used [0x00000000aaaa0000, 0x00000000b3bbf760, 0x00000000b3bbf800, 0x00000000b7a5d000)
 Metaspace       used 124388K, capacity 127492K, committed 127768K, reserved 1161216K
  class space    used 15305K, capacity 16433K, committed 16512K, reserved 1048576K
}
Event: 651.056 GC heap before
{Heap before GC invocations=59 (full 5):
 def new generation   total 96384K, used 89724K [0x0000000080000000, 0x0000000086890000, 0x00000000aaaa0000)
  eden space 85696K, 100% used [0x0000000080000000, 0x00000000853b0000, 0x00000000853b0000)
  from space 10688K,  37% used [0x0000000085e20000, 0x000000008620f200, 0x0000000086890000)
  to   space 10688K,   0% used [0x00000000853b0000, 0x00000000853b0000, 0x0000000085e20000)
 tenured generation   total 212724K, used 148605K [0x00000000aaaa0000, 0x00000000b7a5d000, 0x0000000100000000)
   the space 212724K,  69% used [0x00000000aaaa0000, 0x00000000b3bbf760, 0x00000000b3bbf800, 0x00000000b7a5d000)
 Metaspace       used 127329K, capacity 130532K, committed 130840K, reserved 1163264K
  class space    used 15530K, capacity 16657K, committed 16768K, reserved 1048576K
}
Event: 651.069 GC heap after
{Heap after GC invocations=60 (full 5):
 def new generation   total 96384K, used 4297K [0x0000000080000000, 0x0000000086890000, 0x00000000aaaa0000)
  eden space 85696K,   0% used [0x0000000080000000, 0x0000000080000000, 0x00000000853b0000)
  from space 10688K,  40% used [0x00000000853b0000, 0x00000000857e2520, 0x0000000085e20000)
  to   space 10688K,   0% used [0x0000000085e20000, 0x0000000085e20000, 0x0000000086890000)
 tenured generation   total 212724K, used 148605K [0x00000000aaaa0000, 0x00000000b7a5d000, 0x0000000100000000)
   the space 212724K,  69% used [0x00000000aaaa0000, 0x00000000b3bbf760, 0x00000000b3bbf800, 0x00000000b7a5d000)
 Metaspace       used 127329K, capacity 130532K, committed 130840K, reserved 1163264K
  class space    used 15530K, capacity 16657K, committed 16768K, reserved 1048576K
}
Event: 659.571 GC heap before
{Heap before GC invocations=60 (full 5):
 def new generation   total 96384K, used 89993K [0x0000000080000000, 0x0000000086890000, 0x00000000aaaa0000)
  eden space 85696K, 100% used [0x0000000080000000, 0x00000000853b0000, 0x00000000853b0000)
  from space 10688K,  40% used [0x00000000853b0000, 0x00000000857e2520, 0x0000000085e20000)
  to   space 10688K,   0% used [0x0000000085e20000, 0x0000000085e20000, 0x0000000086890000)
 tenured generation   total 212724K, used 148605K [0x00000000aaaa0000, 0x00000000b7a5d000, 0x0000000100000000)
   the space 212724K,  69% used [0x00000000aaaa0000, 0x00000000b3bbf760, 0x00000000b3bbf800, 0x00000000b7a5d000)
 Metaspace       used 129035K, capacity 132200K, committed 132504K, reserved 1165312K
  class space    used 15684K, capacity 16803K, committed 16896K, reserved 1048576K
}
Event: 659.586 GC heap after
{Heap after GC invocations=61 (full 5):
 def new generation   total 96384K, used 2409K [0x0000000080000000, 0x0000000086890000, 0x00000000aaaa0000)
  eden space 85696K,   0% used [0x0000000080000000, 0x0000000080000000, 0x00000000853b0000)
  from space 10688K,  22% used [0x0000000085e20000, 0x000000008607a668, 0x0000000086890000)
  to   space 10688K,   0% used [0x00000000853b0000, 0x00000000853b0000, 0x0000000085e20000)
 tenured generation   total 212724K, used 148605K [0x00000000aaaa0000, 0x00000000b7a5d000, 0x0000000100000000)
   the space 212724K,  69% used [0x00000000aaaa0000, 0x00000000b3bbf760, 0x00000000b3bbf800, 0x00000000b7a5d000)
 Metaspace       used 129035K, capacity 132200K, committed 132504K, reserved 1165312K
  class space    used 15684K, capacity 16803K, committed 16896K, reserved 1048576K
}
Event: 665.840 GC heap before
{Heap before GC invocations=61 (full 5):
 def new generation   total 96384K, used 88105K [0x0000000080000000, 0x0000000086890000, 0x00000000aaaa0000)
  eden space 85696K, 100% used [0x0000000080000000, 0x00000000853b0000, 0x00000000853b0000)
  from space 10688K,  22% used [0x0000000085e20000, 0x000000008607a668, 0x0000000086890000)
  to   space 10688K,   0% used [0x00000000853b0000, 0x00000000853b0000, 0x0000000085e20000)
 tenured generation   total 212724K, used 148605K [0x00000000aaaa0000, 0x00000000b7a5d000, 0x0000000100000000)
   the space 212724K,  69% used [0x00000000aaaa0000, 0x00000000b3bbf760, 0x00000000b3bbf800, 0x00000000b7a5d000)
 Metaspace       used 131844K, capacity 135071K, committed 135192K, reserved 1167360K
  class space    used 16068K, capacity 17226K, committed 17280K, reserved 1048576K
}
Event: 665.864 GC heap after
{Heap after GC invocations=62 (full 5):
 def new generation   total 96384K, used 5550K [0x0000000080000000, 0x0000000086890000, 0x00000000aaaa0000)
  eden space 85696K,   0% used [0x0000000080000000, 0x0000000080000000, 0x00000000853b0000)
  from space 10688K,  51% used [0x00000000853b0000, 0x000000008591baa8, 0x0000000085e20000)
  to   space 10688K,   0% used [0x0000000085e20000, 0x0000000085e20000, 0x0000000086890000)
 tenured generation   total 212724K, used 148605K [0x00000000aaaa0000, 0x00000000b7a5d000, 0x0000000100000000)
   the space 212724K,  69% used [0x00000000aaaa0000, 0x00000000b3bbf760, 0x00000000b3bbf800, 0x00000000b7a5d000)
 Metaspace       used 131844K, capacity 135071K, committed 135192K, reserved 1167360K
  class space    used 16068K, capacity 17226K, committed 17280K, reserved 1048576K
}
Event: 679.648 GC heap before
{Heap before GC invocations=62 (full 5):
 def new generation   total 96384K, used 91246K [0x0000000080000000, 0x0000000086890000, 0x00000000aaaa0000)
  eden space 85696K, 100% used [0x0000000080000000, 0x00000000853b0000, 0x00000000853b0000)
  from space 10688K,  51% used [0x00000000853b0000, 0x000000008591baa8, 0x0000000085e20000)
  to   space 10688K,   0% used [0x0000000085e20000, 0x0000000085e20000, 0x0000000086890000)
 tenured generation   total 212724K, used 148605K [0x00000000aaaa0000, 0x00000000b7a5d000, 0x0000000100000000)
   the space 212724K,  69% used [0x00000000aaaa0000, 0x00000000b3bbf760, 0x00000000b3bbf800, 0x00000000b7a5d000)
 Metaspace       used 138491K, capacity 141929K, committed 142104K, reserved 1173504K
  class space    used 16742K, capacity 17925K, committed 18048K, reserved 1048576K
}
Event: 679.701 GC heap after
{Heap after GC invocations=63 (full 5):
 def new generation   total 96384K, used 10687K [0x0000000080000000, 0x0000000086890000, 0x00000000aaaa0000)
  eden space 85696K,   0% used [0x0000000080000000, 0x0000000080000000, 0x00000000853b0000)
  from space 10688K,  99% used [0x0000000085e20000, 0x000000008688fff8, 0x0000000086890000)
  to   space 10688K,   0% used [0x00000000853b0000, 0x00000000853b0000, 0x0000000085e20000)
 tenured generation   total 212724K, used 149501K [0x00000000aaaa0000, 0x00000000b7a5d000, 0x0000000100000000)
   the space 212724K,  70% used [0x00000000aaaa0000, 0x00000000b3c9f6f0, 0x00000000b3c9f800, 0x00000000b7a5d000)
 Metaspace       used 138491K, capacity 141929K, committed 142104K, reserved 1173504K
  class space    used 16742K, capacity 17925K, committed 18048K, reserved 1048576K
}
Event: 688.387 GC heap before
{Heap before GC invocations=63 (full 5):
 def new generation   total 96384K, used 96383K [0x0000000080000000, 0x0000000086890000, 0x00000000aaaa0000)
  eden space 85696K, 100% used [0x0000000080000000, 0x00000000853b0000, 0x00000000853b0000)
  from space 10688K,  99% used [0x0000000085e20000, 0x000000008688fff8, 0x0000000086890000)
  to   space 10688K,   0% used [0x00000000853b0000, 0x00000000853b0000, 0x0000000085e20000)
 tenured generation   total 212724K, used 149501K [0x00000000aaaa0000, 0x00000000b7a5d000, 0x0000000100000000)
   the space 212724K,  70% used [0x00000000aaaa0000, 0x00000000b3c9f6f0, 0x00000000b3c9f800, 0x00000000b7a5d000)
 Metaspace       used 139514K, capacity 142912K, committed 143256K, reserved 1175552K
  class space    used 16875K, capacity 18057K, committed 18176K, reserved 1048576K
}

