# JRE version: OpenJDK Runtime Environment (11.0.8+10) (build 11.0.8+10-b944.6842174)
# Java VM: OpenJDK 64-Bit Server VM (11.0.8+10-b944.6842174, mixed mode, tiered, compressed oops, serial gc, windows-amd64)
Heap:
 def new generation   total 129536K, used 72847K [0x0000000080000000, 0x0000000088c80000, 0x00000000aaaa0000)
  eden space 115200K,  50% used [0x0000000080000000, 0x0000000083923fb0, 0x0000000087080000)
  from space 14336K, 100% used [0x0000000087e80000, 0x0000000088c80000, 0x0000000088c80000)
  to   space 14336K,   0% used [0x0000000087080000, 0x0000000087080000, 0x0000000087e80000)
 tenured generation   total 287280K, used 259186K [0x00000000aaaa0000, 0x00000000bc32c000, 0x0000000100000000)
   the space 287280K,  90% used [0x00000000aaaa0000, 0x00000000ba7bc9e8, 0x00000000ba7bca00, 0x00000000bc32c000)
 Metaspace       used 121059K, capacity 124041K, committed 124200K, reserved 1157120K
  class space    used 14831K, capacity 15919K, committed 15992K, reserved 1048576K
GC Heap History (20 events):
Event: 264.239 GC heap before
{Heap before GC invocations=64 (full 5):
 def new generation   total 68416K, used 68416K [0x0000000080000000, 0x0000000084a30000, 0x00000000aaaa0000)
  eden space 60864K, 100% used [0x0000000080000000, 0x0000000083b70000, 0x0000000083b70000)
  from space 7552K, 100% used [0x0000000083b70000, 0x00000000842d0000, 0x00000000842d0000)
  to   space 7552K,   0% used [0x00000000842d0000, 0x00000000842d0000, 0x0000000084a30000)
 tenured generation   total 151580K, used 141124K [0x00000000aaaa0000, 0x00000000b3ea7000, 0x0000000100000000)
   the space 151580K,  93% used [0x00000000aaaa0000, 0x00000000b34711b8, 0x00000000b3471200, 0x00000000b3ea7000)
 Metaspace       used 119342K, capacity 122274K, committed 122408K, reserved 1157120K
  class space    used 14613K, capacity 15695K, committed 15736K, reserved 1048576K
}
Event: 264.262 GC heap after
{Heap after GC invocations=65 (full 5):
 def new generation   total 68416K, used 1454K [0x0000000080000000, 0x0000000084a30000, 0x00000000aaaa0000)
  eden space 60864K,   0% used [0x0000000080000000, 0x0000000080000000, 0x0000000083b70000)
  from space 7552K,  19% used [0x00000000842d0000, 0x000000008443b930, 0x0000000084a30000)
  to   space 7552K,   0% used [0x0000000083b70000, 0x0000000083b70000, 0x00000000842d0000)
 tenured generation   total 151580K, used 144663K [0x00000000aaaa0000, 0x00000000b3ea7000, 0x0000000100000000)
   the space 151580K,  95% used [0x00000000aaaa0000, 0x00000000b37e5cf0, 0x00000000b37e5e00, 0x00000000b3ea7000)
 Metaspace       used 119342K, capacity 122274K, committed 122408K, reserved 1157120K
  class space    used 14613K, capacity 15695K, committed 15736K, reserved 1048576K
}
Event: 265.064 GC heap before
{Heap before GC invocations=65 (full 5):
 def new generation   total 68416K, used 62318K [0x0000000080000000, 0x0000000084a30000, 0x00000000aaaa0000)
  eden space 60864K, 100% used [0x0000000080000000, 0x0000000083b70000, 0x0000000083b70000)
  from space 7552K,  19% used [0x00000000842d0000, 0x000000008443b930, 0x0000000084a30000)
  to   space 7552K,   0% used [0x0000000083b70000, 0x0000000083b70000, 0x00000000842d0000)
 tenured generation   total 151580K, used 144663K [0x00000000aaaa0000, 0x00000000b3ea7000, 0x0000000100000000)
   the space 151580K,  95% used [0x00000000aaaa0000, 0x00000000b37e5cf0, 0x00000000b37e5e00, 0x00000000b3ea7000)
 Metaspace       used 119409K, capacity 122282K, committed 122408K, reserved 1157120K
  class space    used 14614K, capacity 15695K, committed 15736K, reserved 1048576K
}
Event: 265.071 GC heap after
{Heap after GC invocations=66 (full 5):
 def new generation   total 68416K, used 1651K [0x0000000080000000, 0x0000000084a30000, 0x00000000aaaa0000)
  eden space 60864K,   0% used [0x0000000080000000, 0x0000000080000000, 0x0000000083b70000)
  from space 7552K,  21% used [0x0000000083b70000, 0x0000000083d0cdd0, 0x00000000842d0000)
  to   space 7552K,   0% used [0x00000000842d0000, 0x00000000842d0000, 0x0000000084a30000)
 tenured generation   total 151580K, used 144663K [0x00000000aaaa0000, 0x00000000b3ea7000, 0x0000000100000000)
   the space 151580K,  95% used [0x00000000aaaa0000, 0x00000000b37e5cf0, 0x00000000b37e5e00, 0x00000000b3ea7000)
 Metaspace       used 119409K, capacity 122282K, committed 122408K, reserved 1157120K
  class space    used 14614K, capacity 15695K, committed 15736K, reserved 1048576K
}
Event: 267.739 GC heap before
{Heap before GC invocations=66 (full 5):
 def new generation   total 68416K, used 62515K [0x0000000080000000, 0x0000000084a30000, 0x00000000aaaa0000)
  eden space 60864K, 100% used [0x0000000080000000, 0x0000000083b70000, 0x0000000083b70000)
  from space 7552K,  21% used [0x0000000083b70000, 0x0000000083d0cdd0, 0x00000000842d0000)
  to   space 7552K,   0% used [0x00000000842d0000, 0x00000000842d0000, 0x0000000084a30000)
 tenured generation   total 151580K, used 144663K [0x00000000aaaa0000, 0x00000000b3ea7000, 0x0000000100000000)
   the space 151580K,  95% used [0x00000000aaaa0000, 0x00000000b37e5cf0, 0x00000000b37e5e00, 0x00000000b3ea7000)
 Metaspace       used 119711K, capacity 122649K, committed 122792K, reserved 1157120K
  class space    used 14650K, capacity 15730K, committed 15864K, reserved 1048576K
}
Event: 268.117 GC heap after
{Heap after GC invocations=67 (full 6):
 def new generation   total 77248K, used 0K [0x0000000080000000, 0x00000000853d0000, 0x00000000aaaa0000)
  eden space 68672K,   0% used [0x0000000080000000, 0x0000000080000000, 0x0000000084310000)
  from space 8576K,   0% used [0x0000000084310000, 0x0000000084310000, 0x0000000084b70000)
  to   space 8576K,   0% used [0x0000000084b70000, 0x0000000084b70000, 0x00000000853d0000)
 tenured generation   total 171264K, used 102756K [0x00000000aaaa0000, 0x00000000b51e0000, 0x0000000100000000)
   the space 171264K,  59% used [0x00000000aaaa0000, 0x00000000b0ef90a0, 0x00000000b0ef9200, 0x00000000b51e0000)
 Metaspace       used 119711K, capacity 122649K, committed 122792K, reserved 1157120K
  class space    used 14650K, capacity 15730K, committed 15864K, reserved 1048576K
}
Event: 276.305 GC heap before
{Heap before GC invocations=67 (full 6):
 def new generation   total 77248K, used 68672K [0x0000000080000000, 0x00000000853d0000, 0x00000000aaaa0000)
  eden space 68672K, 100% used [0x0000000080000000, 0x0000000084310000, 0x0000000084310000)
  from space 8576K,   0% used [0x0000000084310000, 0x0000000084310000, 0x0000000084b70000)
  to   space 8576K,   0% used [0x0000000084b70000, 0x0000000084b70000, 0x00000000853d0000)
 tenured generation   total 171264K, used 102756K [0x00000000aaaa0000, 0x00000000b51e0000, 0x0000000100000000)
   the space 171264K,  59% used [0x00000000aaaa0000, 0x00000000b0ef90a0, 0x00000000b0ef9200, 0x00000000b51e0000)
 Metaspace       used 120543K, capacity 123483K, committed 123688K, reserved 1157120K
  class space    used 14794K, capacity 15876K, committed 15992K, reserved 1048576K
}
Event: 276.445 GC heap after
{Heap after GC invocations=68 (full 6):
 def new generation   total 77248K, used 8576K [0x0000000080000000, 0x00000000853d0000, 0x00000000aaaa0000)
  eden space 68672K,   0% used [0x0000000080000000, 0x0000000080000000, 0x0000000084310000)
  from space 8576K, 100% used [0x0000000084b70000, 0x00000000853d0000, 0x00000000853d0000)
  to   space 8576K,   0% used [0x0000000084310000, 0x0000000084310000, 0x0000000084b70000)
 tenured generation   total 171264K, used 126112K [0x00000000aaaa0000, 0x00000000b51e0000, 0x0000000100000000)
   the space 171264K,  73% used [0x00000000aaaa0000, 0x00000000b25c8158, 0x00000000b25c8200, 0x00000000b51e0000)
 Metaspace       used 120543K, capacity 123483K, committed 123688K, reserved 1157120K
  class space    used 14794K, capacity 15876K, committed 15992K, reserved 1048576K
}
Event: 282.158 GC heap before
{Heap before GC invocations=68 (full 6):
 def new generation   total 77248K, used 77248K [0x0000000080000000, 0x00000000853d0000, 0x00000000aaaa0000)
  eden space 68672K, 100% used [0x0000000080000000, 0x0000000084310000, 0x0000000084310000)
  from space 8576K, 100% used [0x0000000084b70000, 0x00000000853d0000, 0x00000000853d0000)
  to   space 8576K,   0% used [0x0000000084310000, 0x0000000084310000, 0x0000000084b70000)
 tenured generation   total 171264K, used 126112K [0x00000000aaaa0000, 0x00000000b51e0000, 0x0000000100000000)
   the space 171264K,  73% used [0x00000000aaaa0000, 0x00000000b25c8158, 0x00000000b25c8200, 0x00000000b51e0000)
 Metaspace       used 120723K, capacity 123704K, committed 123944K, reserved 1157120K
  class space    used 14821K, capacity 15907K, committed 15992K, reserved 1048576K
}
Event: 282.340 GC heap after
{Heap after GC invocations=69 (full 6):
 def new generation   total 77248K, used 8575K [0x0000000080000000, 0x00000000853d0000, 0x00000000aaaa0000)
  eden space 68672K,   0% used [0x0000000080000000, 0x0000000080000000, 0x0000000084310000)
  from space 8576K,  99% used [0x0000000084310000, 0x0000000084b6fff8, 0x0000000084b70000)
  to   space 8576K,   0% used [0x0000000084b70000, 0x0000000084b70000, 0x00000000853d0000)
 tenured generation   total 171264K, used 158332K [0x00000000aaaa0000, 0x00000000b51e0000, 0x0000000100000000)
   the space 171264K,  92% used [0x00000000aaaa0000, 0x00000000b453f148, 0x00000000b453f200, 0x00000000b51e0000)
 Metaspace       used 120723K, capacity 123704K, committed 123944K, reserved 1157120K
  class space    used 14821K, capacity 15907K, committed 15992K, reserved 1048576K
}
Event: 287.299 GC heap before
{Heap before GC invocations=69 (full 6):
 def new generation   total 77248K, used 77247K [0x0000000080000000, 0x00000000853d0000, 0x00000000aaaa0000)
  eden space 68672K, 100% used [0x0000000080000000, 0x0000000084310000, 0x0000000084310000)
  from space 8576K,  99% used [0x0000000084310000, 0x0000000084b6fff8, 0x0000000084b70000)
  to   space 8576K,   0% used [0x0000000084b70000, 0x0000000084b70000, 0x00000000853d0000)
 tenured generation   total 171264K, used 158332K [0x00000000aaaa0000, 0x00000000b51e0000, 0x0000000100000000)
   the space 171264K,  92% used [0x00000000aaaa0000, 0x00000000b453f148, 0x00000000b453f200, 0x00000000b51e0000)
 Metaspace       used 120806K, capacity 123781K, committed 123944K, reserved 1157120K
  class space    used 14823K, capacity 15910K, committed 15992K, reserved 1048576K
}
Event: 287.364 GC heap after
{Heap after GC invocations=70 (full 6):
 def new generation   total 77248K, used 8575K [0x0000000080000000, 0x00000000853d0000, 0x00000000aaaa0000)
  eden space 68672K,   0% used [0x0000000080000000, 0x0000000080000000, 0x0000000084310000)
  from space 8576K,  99% used [0x0000000084b70000, 0x00000000853cfff8, 0x00000000853d0000)
  to   space 8576K,   0% used [0x0000000084310000, 0x0000000084310000, 0x0000000084b70000)
 tenured generation   total 171264K, used 170682K [0x00000000aaaa0000, 0x00000000b51e0000, 0x0000000100000000)
   the space 171264K,  99% used [0x00000000aaaa0000, 0x00000000b514eb58, 0x00000000b514ec00, 0x00000000b51e0000)
 Metaspace       used 120806K, capacity 123781K, committed 123944K, reserved 1157120K
  class space    used 14823K, capacity 15910K, committed 15992K, reserved 1048576K
}
Event: 289.250 GC heap before
{Heap before GC invocations=70 (full 6):
 def new generation   total 77248K, used 77247K [0x0000000080000000, 0x00000000853d0000, 0x00000000aaaa0000)
  eden space 68672K, 100% used [0x0000000080000000, 0x0000000084310000, 0x0000000084310000)
  from space 8576K,  99% used [0x0000000084b70000, 0x00000000853cfff8, 0x00000000853d0000)
  to   space 8576K,   0% used [0x0000000084310000, 0x0000000084310000, 0x0000000084b70000)
 tenured generation   total 171264K, used 170682K [0x00000000aaaa0000, 0x00000000b51e0000, 0x0000000100000000)
   the space 171264K,  99% used [0x00000000aaaa0000, 0x00000000b514eb58, 0x00000000b514ec00, 0x00000000b51e0000)
 Metaspace       used 120840K, capacity 123805K, committed 123944K, reserved 1157120K
  class space    used 14828K, capacity 15917K, committed 15992K, reserved 1048576K
}
Event: 290.048 GC heap after
{Heap after GC invocations=71 (full 7):
 def new generation   total 129536K, used 0K [0x0000000080000000, 0x0000000088c80000, 0x00000000aaaa0000)
  eden space 115200K,   0% used [0x0000000080000000, 0x0000000080000000, 0x0000000087080000)
  from space 14336K,   0% used [0x0000000087080000, 0x0000000087080000, 0x0000000087e80000)
  to   space 14336K,   0% used [0x0000000087e80000, 0x0000000087e80000, 0x0000000088c80000)
 tenured generation   total 287280K, used 172367K [0x00000000aaaa0000, 0x00000000bc32c000, 0x0000000100000000)
   the space 287280K,  59% used [0x00000000aaaa0000, 0x00000000b52f3fd0, 0x00000000b52f4000, 0x00000000bc32c000)
 Metaspace       used 120840K, capacity 123805K, committed 123944K, reserved 1157120K
  class space    used 14828K, capacity 15917K, committed 15992K, reserved 1048576K
}
Event: 296.816 GC heap before
{Heap before GC invocations=71 (full 7):
 def new generation   total 129536K, used 115200K [0x0000000080000000, 0x0000000088c80000, 0x00000000aaaa0000)
  eden space 115200K, 100% used [0x0000000080000000, 0x0000000087080000, 0x0000000087080000)
  from space 14336K,   0% used [0x0000000087080000, 0x0000000087080000, 0x0000000087e80000)
  to   space 14336K,   0% used [0x0000000087e80000, 0x0000000087e80000, 0x0000000088c80000)
 tenured generation   total 287280K, used 172367K [0x00000000aaaa0000, 0x00000000bc32c000, 0x0000000100000000)
   the space 287280K,  59% used [0x00000000aaaa0000, 0x00000000b52f3fd0, 0x00000000b52f4000, 0x00000000bc32c000)
 Metaspace       used 121044K, capacity 123977K, committed 124200K, reserved 1157120K
  class space    used 14831K, capacity 15919K, committed 15992K, reserved 1048576K
}
Event: 296.884 GC heap after
{Heap after GC invocations=72 (full 7):
 def new generation   total 129536K, used 14336K [0x0000000080000000, 0x0000000088c80000, 0x00000000aaaa0000)
  eden space 115200K,   0% used [0x0000000080000000, 0x0000000080000000, 0x0000000087080000)
  from space 14336K, 100% used [0x0000000087e80000, 0x0000000088c80000, 0x0000000088c80000)
  to   space 14336K,   0% used [0x0000000087080000, 0x0000000087080000, 0x0000000087e80000)
 tenured generation   total 287280K, used 185674K [0x00000000aaaa0000, 0x00000000bc32c000, 0x0000000100000000)
   the space 287280K,  64% used [0x00000000aaaa0000, 0x00000000b5ff2988, 0x00000000b5ff2a00, 0x00000000bc32c000)
 Metaspace       used 121044K, capacity 123977K, committed 124200K, reserved 1157120K
  class space    used 14831K, capacity 15919K, committed 15992K, reserved 1048576K
}
Event: 298.433 GC heap before
{Heap before GC invocations=72 (full 7):
 def new generation   total 129536K, used 129536K [0x0000000080000000, 0x0000000088c80000, 0x00000000aaaa0000)
  eden space 115200K, 100% used [0x0000000080000000, 0x0000000087080000, 0x0000000087080000)
  from space 14336K, 100% used [0x0000000087e80000, 0x0000000088c80000, 0x0000000088c80000)
  to   space 14336K,   0% used [0x0000000087080000, 0x0000000087080000, 0x0000000087e80000)
 tenured generation   total 287280K, used 185674K [0x00000000aaaa0000, 0x00000000bc32c000, 0x0000000100000000)
   the space 287280K,  64% used [0x00000000aaaa0000, 0x00000000b5ff2988, 0x00000000b5ff2a00, 0x00000000bc32c000)
 Metaspace       used 121051K, capacity 123977K, committed 124200K, reserved 1157120K
  class space    used 14831K, capacity 15919K, committed 15992K, reserved 1048576K
}
Event: 298.741 GC heap after
{Heap after GC invocations=73 (full 7):
 def new generation   total 129536K, used 14336K [0x0000000080000000, 0x0000000088c80000, 0x00000000aaaa0000)
  eden space 115200K,   0% used [0x0000000080000000, 0x0000000080000000, 0x0000000087080000)
  from space 14336K, 100% used [0x0000000087080000, 0x0000000087e80000, 0x0000000087e80000)
  to   space 14336K,   0% used [0x0000000087e80000, 0x0000000087e80000, 0x0000000088c80000)
 tenured generation   total 287280K, used 236487K [0x00000000aaaa0000, 0x00000000bc32c000, 0x0000000100000000)
   the space 287280K,  82% used [0x00000000aaaa0000, 0x00000000b9191ce8, 0x00000000b9191e00, 0x00000000bc32c000)
 Metaspace       used 121051K, capacity 123977K, committed 124200K, reserved 1157120K
  class space    used 14831K, capacity 15919K, committed 15992K, reserved 1048576K
}
Event: 301.440 GC heap before
{Heap before GC invocations=73 (full 7):
 def new generation   total 129536K, used 129536K [0x0000000080000000, 0x0000000088c80000, 0x00000000aaaa0000)
  eden space 115200K, 100% used [0x0000000080000000, 0x0000000087080000, 0x0000000087080000)
  from space 14336K, 100% used [0x0000000087080000, 0x0000000087e80000, 0x0000000087e80000)
  to   space 14336K,   0% used [0x0000000087e80000, 0x0000000087e80000, 0x0000000088c80000)
 tenured generation   total 287280K, used 236487K [0x00000000aaaa0000, 0x00000000bc32c000, 0x0000000100000000)
   the space 287280K,  82% used [0x00000000aaaa0000, 0x00000000b9191ce8, 0x00000000b9191e00, 0x00000000bc32c000)
 Metaspace       used 121057K, capacity 124041K, committed 124200K, reserved 1157120K
  class space    used 14831K, capacity 15919K, committed 15992K, reserved 1048576K
}
Event: 301.644 GC heap after
{Heap after GC invocations=74 (full 7):
 def new generation   total 129536K, used 14336K [0x0000000080000000, 0x0000000088c80000, 0x00000000aaaa0000)
  eden space 115200K,   0% used [0x0000000080000000, 0x0000000080000000, 0x0000000087080000)
  from space 14336K, 100% used [0x0000000087e80000, 0x0000000088c80000, 0x0000000088c80000)
  to   space 14336K,   0% used [0x0000000087080000, 0x0000000087080000, 0x0000000087e80000)
 tenured generation   total 287280K, used 259186K [0x00000000aaaa0000, 0x00000000bc32c000, 0x0000000100000000)
   the space 287280K,  90% used [0x00000000aaaa0000, 0x00000000ba7bc9e8, 0x00000000ba7bca00, 0x00000000bc32c000)
 Metaspace       used 121057K, capacity 124041K, committed 124200K, reserved 1157120K
  class space    used 14831K, capacity 15919K, committed 15992K, reserved 1048576K
}

