# JRE version: OpenJDK Runtime Environment (11.0.8+10) (build 11.0.8+10-b944.6842174)
# Java VM: OpenJDK 64-Bit Server VM (11.0.8+10-b944.6842174, mixed mode, tiered, compressed oops, serial gc, windows-amd64)
Heap:
 def new generation   total 125120K, used 98537K [0x0000000080000000, 0x00000000887c0000, 0x00000000aaaa0000)
  eden space 111232K,  80% used [0x0000000080000000, 0x0000000085742c30, 0x0000000086ca0000)
  from space 13888K,  66% used [0x0000000086ca0000, 0x0000000087597ac8, 0x0000000087a30000)
  to   space 13888K,   0% used [0x0000000087a30000, 0x0000000087a30000, 0x00000000887c0000)
 tenured generation   total 276572K, used 113190K [0x00000000aaaa0000, 0x00000000bb8b7000, 0x0000000100000000)
   the space 276572K,  40% used [0x00000000aaaa0000, 0x00000000b1929948, 0x00000000b1929a00, 0x00000000bb8b7000)
 Metaspace       used 154518K, capacity 158927K, committed 159016K, reserved 1187840K
  class space    used 18487K, capacity 20014K, committed 20088K, reserved 1048576K
GC Heap History (20 events):
Event: 3772.094 GC heap before
{Heap before GC invocations=104 (full 9):
 def new generation   total 124672K, used 116282K [0x0000000080000000, 0x0000000088740000, 0x00000000aaaa0000)
  eden space 110848K, 100% used [0x0000000080000000, 0x0000000086c40000, 0x0000000086c40000)
  from space 13824K,  39% used [0x00000000879c0000, 0x0000000087f0ea18, 0x0000000088740000)
  to   space 13824K,   0% used [0x0000000086c40000, 0x0000000086c40000, 0x00000000879c0000)
 tenured generation   total 276572K, used 192611K [0x00000000aaaa0000, 0x00000000bb8b7000, 0x0000000100000000)
   the space 276572K,  69% used [0x00000000aaaa0000, 0x00000000b66b8db8, 0x00000000b66b8e00, 0x00000000bb8b7000)
 Metaspace       used 129097K, capacity 132197K, committed 132520K, reserved 1165312K
  class space    used 15412K, capacity 16542K, committed 16632K, reserved 1048576K
}
Event: 3772.288 GC heap after
{Heap after GC invocations=105 (full 9):
 def new generation   total 124672K, used 13824K [0x0000000080000000, 0x0000000088740000, 0x00000000aaaa0000)
  eden space 110848K,   0% used [0x0000000080000000, 0x0000000080000000, 0x0000000086c40000)
  from space 13824K, 100% used [0x0000000086c40000, 0x00000000879c0000, 0x00000000879c0000)
  to   space 13824K,   0% used [0x00000000879c0000, 0x00000000879c0000, 0x0000000088740000)
 tenured generation   total 276572K, used 235196K [0x00000000aaaa0000, 0x00000000bb8b7000, 0x0000000100000000)
   the space 276572K,  85% used [0x00000000aaaa0000, 0x00000000b904f218, 0x00000000b904f400, 0x00000000bb8b7000)
 Metaspace       used 129097K, capacity 132197K, committed 132520K, reserved 1165312K
  class space    used 15412K, capacity 16542K, committed 16632K, reserved 1048576K
}
Event: 3773.332 GC heap before
{Heap before GC invocations=105 (full 9):
 def new generation   total 124672K, used 124590K [0x0000000080000000, 0x0000000088740000, 0x00000000aaaa0000)
  eden space 110848K,  99% used [0x0000000080000000, 0x0000000086c2b9e0, 0x0000000086c40000)
  from space 13824K, 100% used [0x0000000086c40000, 0x00000000879c0000, 0x00000000879c0000)
  to   space 13824K,   0% used [0x00000000879c0000, 0x00000000879c0000, 0x0000000088740000)
 tenured generation   total 276572K, used 235196K [0x00000000aaaa0000, 0x00000000bb8b7000, 0x0000000100000000)
   the space 276572K,  85% used [0x00000000aaaa0000, 0x00000000b904f218, 0x00000000b904f400, 0x00000000bb8b7000)
 Metaspace       used 129100K, capacity 132197K, committed 132520K, reserved 1165312K
  class space    used 15412K, capacity 16542K, committed 16632K, reserved 1048576K
}
Event: 3773.480 GC heap after
{Heap after GC invocations=106 (full 9):
 def new generation   total 124672K, used 13824K [0x0000000080000000, 0x0000000088740000, 0x00000000aaaa0000)
  eden space 110848K,   0% used [0x0000000080000000, 0x0000000080000000, 0x0000000086c40000)
  from space 13824K, 100% used [0x00000000879c0000, 0x0000000088740000, 0x0000000088740000)
  to   space 13824K,   0% used [0x0000000086c40000, 0x0000000086c40000, 0x00000000879c0000)
 tenured generation   total 276572K, used 262431K [0x00000000aaaa0000, 0x00000000bb8b7000, 0x0000000100000000)
   the space 276572K,  94% used [0x00000000aaaa0000, 0x00000000baae7e88, 0x00000000baae8000, 0x00000000bb8b7000)
 Metaspace       used 129100K, capacity 132197K, committed 132520K, reserved 1165312K
  class space    used 15412K, capacity 16542K, committed 16632K, reserved 1048576K
}
Event: 3774.670 GC heap before
{Heap before GC invocations=106 (full 9):
 def new generation   total 124672K, used 124672K [0x0000000080000000, 0x0000000088740000, 0x00000000aaaa0000)
  eden space 110848K, 100% used [0x0000000080000000, 0x0000000086c40000, 0x0000000086c40000)
  from space 13824K, 100% used [0x00000000879c0000, 0x0000000088740000, 0x0000000088740000)
  to   space 13824K,   0% used [0x0000000086c40000, 0x0000000086c40000, 0x00000000879c0000)
 tenured generation   total 276572K, used 262431K [0x00000000aaaa0000, 0x00000000bb8b7000, 0x0000000100000000)
   the space 276572K,  94% used [0x00000000aaaa0000, 0x00000000baae7e88, 0x00000000baae8000, 0x00000000bb8b7000)
 Metaspace       used 129102K, capacity 132197K, committed 132520K, reserved 1165312K
  class space    used 15412K, capacity 16542K, committed 16632K, reserved 1048576K
}
Event: 3774.721 GC heap after
{Heap after GC invocations=107 (full 9):
 def new generation   total 124672K, used 13824K [0x0000000080000000, 0x0000000088740000, 0x00000000aaaa0000)
  eden space 110848K,   0% used [0x0000000080000000, 0x0000000080000000, 0x0000000086c40000)
  from space 13824K, 100% used [0x0000000086c40000, 0x00000000879c0000, 0x00000000879c0000)
  to   space 13824K,   0% used [0x00000000879c0000, 0x00000000879c0000, 0x0000000088740000)
 tenured generation   total 276572K, used 275139K [0x00000000aaaa0000, 0x00000000bb8b7000, 0x0000000100000000)
   the space 276572K,  99% used [0x00000000aaaa0000, 0x00000000bb750c28, 0x00000000bb750e00, 0x00000000bb8b7000)
 Metaspace       used 129102K, capacity 132197K, committed 132520K, reserved 1165312K
  class space    used 15412K, capacity 16542K, committed 16632K, reserved 1048576K
}
Event: 3810.086 GC heap before
{Heap before GC invocations=107 (full 9):
 def new generation   total 124672K, used 124672K [0x0000000080000000, 0x0000000088740000, 0x00000000aaaa0000)
  eden space 110848K, 100% used [0x0000000080000000, 0x0000000086c40000, 0x0000000086c40000)
  from space 13824K, 100% used [0x0000000086c40000, 0x00000000879c0000, 0x00000000879c0000)
  to   space 13824K,   0% used [0x00000000879c0000, 0x00000000879c0000, 0x0000000088740000)
 tenured generation   total 276572K, used 275139K [0x00000000aaaa0000, 0x00000000bb8b7000, 0x0000000100000000)
   the space 276572K,  99% used [0x00000000aaaa0000, 0x00000000bb750c28, 0x00000000bb750e00, 0x00000000bb8b7000)
 Metaspace       used 129302K, capacity 132326K, committed 132520K, reserved 1165312K
  class space    used 15424K, capacity 16563K, committed 16632K, reserved 1048576K
}
Event: 3810.460 GC heap after
{Heap after GC invocations=108 (full 10):
 def new generation   total 125120K, used 0K [0x0000000080000000, 0x00000000887c0000, 0x00000000aaaa0000)
  eden space 111232K,   0% used [0x0000000080000000, 0x0000000080000000, 0x0000000086ca0000)
  from space 13888K,   0% used [0x0000000086ca0000, 0x0000000086ca0000, 0x0000000087a30000)
  to   space 13888K,   0% used [0x0000000087a30000, 0x0000000087a30000, 0x00000000887c0000)
 tenured generation   total 276572K, used 78920K [0x00000000aaaa0000, 0x00000000bb8b7000, 0x0000000100000000)
   the space 276572K,  28% used [0x00000000aaaa0000, 0x00000000af7b21b0, 0x00000000af7b2200, 0x00000000bb8b7000)
 Metaspace       used 129302K, capacity 132326K, committed 132520K, reserved 1165312K
  class space    used 15424K, capacity 16563K, committed 16632K, reserved 1048576K
}
Event: 3813.262 GC heap before
{Heap before GC invocations=108 (full 10):
 def new generation   total 125120K, used 111232K [0x0000000080000000, 0x00000000887c0000, 0x00000000aaaa0000)
  eden space 111232K, 100% used [0x0000000080000000, 0x0000000086ca0000, 0x0000000086ca0000)
  from space 13888K,   0% used [0x0000000086ca0000, 0x0000000086ca0000, 0x0000000087a30000)
  to   space 13888K,   0% used [0x0000000087a30000, 0x0000000087a30000, 0x00000000887c0000)
 tenured generation   total 276572K, used 78920K [0x00000000aaaa0000, 0x00000000bb8b7000, 0x0000000100000000)
   the space 276572K,  28% used [0x00000000aaaa0000, 0x00000000af7b21b0, 0x00000000af7b2200, 0x00000000bb8b7000)
 Metaspace       used 129396K, capacity 132481K, committed 132776K, reserved 1165312K
  class space    used 15440K, capacity 16592K, committed 16632K, reserved 1048576K
}
Event: 3813.280 GC heap after
{Heap after GC invocations=109 (full 10):
 def new generation   total 125120K, used 2643K [0x0000000080000000, 0x00000000887c0000, 0x00000000aaaa0000)
  eden space 111232K,   0% used [0x0000000080000000, 0x0000000080000000, 0x0000000086ca0000)
  from space 13888K,  19% used [0x0000000087a30000, 0x0000000087cc4e10, 0x00000000887c0000)
  to   space 13888K,   0% used [0x0000000086ca0000, 0x0000000086ca0000, 0x0000000087a30000)
 tenured generation   total 276572K, used 78920K [0x00000000aaaa0000, 0x00000000bb8b7000, 0x0000000100000000)
   the space 276572K,  28% used [0x00000000aaaa0000, 0x00000000af7b21b0, 0x00000000af7b2200, 0x00000000bb8b7000)
 Metaspace       used 129396K, capacity 132481K, committed 132776K, reserved 1165312K
  class space    used 15440K, capacity 16592K, committed 16632K, reserved 1048576K
}
Event: 6499.771 GC heap before
{Heap before GC invocations=109 (full 10):
 def new generation   total 125120K, used 113409K [0x0000000080000000, 0x00000000887c0000, 0x00000000aaaa0000)
  eden space 111232K,  99% used [0x0000000080000000, 0x0000000086c2b678, 0x0000000086ca0000)
  from space 13888K,  19% used [0x0000000087a30000, 0x0000000087cc4e10, 0x00000000887c0000)
  to   space 13888K,   0% used [0x0000000086ca0000, 0x0000000086ca0000, 0x0000000087a30000)
 tenured generation   total 276572K, used 78920K [0x00000000aaaa0000, 0x00000000bb8b7000, 0x0000000100000000)
   the space 276572K,  28% used [0x00000000aaaa0000, 0x00000000af7b21b0, 0x00000000af7b2200, 0x00000000bb8b7000)
 Metaspace       used 129533K, capacity 132589K, committed 132776K, reserved 1165312K
  class space    used 15458K, capacity 16614K, committed 16632K, reserved 1048576K
}
Event: 6499.791 GC heap after
{Heap after GC invocations=110 (full 10):
 def new generation   total 125120K, used 2164K [0x0000000080000000, 0x00000000887c0000, 0x00000000aaaa0000)
  eden space 111232K,   0% used [0x0000000080000000, 0x0000000080000000, 0x0000000086ca0000)
  from space 13888K,  15% used [0x0000000086ca0000, 0x0000000086ebd0a0, 0x0000000087a30000)
  to   space 13888K,   0% used [0x0000000087a30000, 0x0000000087a30000, 0x00000000887c0000)
 tenured generation   total 276572K, used 78920K [0x00000000aaaa0000, 0x00000000bb8b7000, 0x0000000100000000)
   the space 276572K,  28% used [0x00000000aaaa0000, 0x00000000af7b21b0, 0x00000000af7b2200, 0x00000000bb8b7000)
 Metaspace       used 129533K, capacity 132589K, committed 132776K, reserved 1165312K
  class space    used 15458K, capacity 16614K, committed 16632K, reserved 1048576K
}
Event: 6512.886 GC heap before
{Heap before GC invocations=110 (full 10):
 def new generation   total 125120K, used 113396K [0x0000000080000000, 0x00000000887c0000, 0x00000000aaaa0000)
  eden space 111232K, 100% used [0x0000000080000000, 0x0000000086ca0000, 0x0000000086ca0000)
  from space 13888K,  15% used [0x0000000086ca0000, 0x0000000086ebd0a0, 0x0000000087a30000)
  to   space 13888K,   0% used [0x0000000087a30000, 0x0000000087a30000, 0x00000000887c0000)
 tenured generation   total 276572K, used 78920K [0x00000000aaaa0000, 0x00000000bb8b7000, 0x0000000100000000)
   the space 276572K,  28% used [0x00000000aaaa0000, 0x00000000af7b21b0, 0x00000000af7b2200, 0x00000000bb8b7000)
 Metaspace       used 135429K, capacity 139229K, committed 139560K, reserved 1171456K
  class space    used 16129K, capacity 17451K, committed 17528K, reserved 1048576K
}
Event: 6512.944 GC heap after
{Heap after GC invocations=111 (full 10):
 def new generation   total 125120K, used 13888K [0x0000000080000000, 0x00000000887c0000, 0x00000000aaaa0000)
  eden space 111232K,   0% used [0x0000000080000000, 0x0000000080000000, 0x0000000086ca0000)
  from space 13888K, 100% used [0x0000000087a30000, 0x00000000887c0000, 0x00000000887c0000)
  to   space 13888K,   0% used [0x0000000086ca0000, 0x0000000086ca0000, 0x0000000087a30000)
 tenured generation   total 276572K, used 92805K [0x00000000aaaa0000, 0x00000000bb8b7000, 0x0000000100000000)
   the space 276572K,  33% used [0x00000000aaaa0000, 0x00000000b0541738, 0x00000000b0541800, 0x00000000bb8b7000)
 Metaspace       used 135429K, capacity 139229K, committed 139560K, reserved 1171456K
  class space    used 16129K, capacity 17451K, committed 17528K, reserved 1048576K
}
Event: 6524.864 GC heap before
{Heap before GC invocations=111 (full 10):
 def new generation   total 125120K, used 125120K [0x0000000080000000, 0x00000000887c0000, 0x00000000aaaa0000)
  eden space 111232K, 100% used [0x0000000080000000, 0x0000000086ca0000, 0x0000000086ca0000)
  from space 13888K, 100% used [0x0000000087a30000, 0x00000000887c0000, 0x00000000887c0000)
  to   space 13888K,   0% used [0x0000000086ca0000, 0x0000000086ca0000, 0x0000000087a30000)
 tenured generation   total 276572K, used 92805K [0x00000000aaaa0000, 0x00000000bb8b7000, 0x0000000100000000)
   the space 276572K,  33% used [0x00000000aaaa0000, 0x00000000b0541738, 0x00000000b0541800, 0x00000000bb8b7000)
 Metaspace       used 143437K, capacity 147264K, committed 147624K, reserved 1177600K
  class space    used 17174K, capacity 18561K, committed 18680K, reserved 1048576K
}
Event: 6524.920 GC heap after
{Heap after GC invocations=112 (full 10):
 def new generation   total 125120K, used 6798K [0x0000000080000000, 0x00000000887c0000, 0x00000000aaaa0000)
  eden space 111232K,   0% used [0x0000000080000000, 0x0000000080000000, 0x0000000086ca0000)
  from space 13888K,  48% used [0x0000000086ca0000, 0x0000000087343aa8, 0x0000000087a30000)
  to   space 13888K,   0% used [0x0000000087a30000, 0x0000000087a30000, 0x00000000887c0000)
 tenured generation   total 276572K, used 106670K [0x00000000aaaa0000, 0x00000000bb8b7000, 0x0000000100000000)
   the space 276572K,  38% used [0x00000000aaaa0000, 0x00000000b12cb948, 0x00000000b12cba00, 0x00000000bb8b7000)
 Metaspace       used 143437K, capacity 147264K, committed 147624K, reserved 1177600K
  class space    used 17174K, capacity 18561K, committed 18680K, reserved 1048576K
}
Event: 6544.281 GC heap before
{Heap before GC invocations=112 (full 10):
 def new generation   total 125120K, used 118030K [0x0000000080000000, 0x00000000887c0000, 0x00000000aaaa0000)
  eden space 111232K, 100% used [0x0000000080000000, 0x0000000086ca0000, 0x0000000086ca0000)
  from space 13888K,  48% used [0x0000000086ca0000, 0x0000000087343aa8, 0x0000000087a30000)
  to   space 13888K,   0% used [0x0000000087a30000, 0x0000000087a30000, 0x00000000887c0000)
 tenured generation   total 276572K, used 106670K [0x00000000aaaa0000, 0x00000000bb8b7000, 0x0000000100000000)
   the space 276572K,  38% used [0x00000000aaaa0000, 0x00000000b12cb948, 0x00000000b12cba00, 0x00000000bb8b7000)
 Metaspace       used 146708K, capacity 150710K, committed 151080K, reserved 1181696K
  class space    used 17514K, capacity 18938K, committed 19064K, reserved 1048576K
}
Event: 6544.337 GC heap after
{Heap after GC invocations=113 (full 10):
 def new generation   total 125120K, used 13295K [0x0000000080000000, 0x00000000887c0000, 0x00000000aaaa0000)
  eden space 111232K,   0% used [0x0000000080000000, 0x0000000080000000, 0x0000000086ca0000)
  from space 13888K,  95% used [0x0000000087a30000, 0x000000008872bf58, 0x00000000887c0000)
  to   space 13888K,   0% used [0x0000000086ca0000, 0x0000000086ca0000, 0x0000000087a30000)
 tenured generation   total 276572K, used 106670K [0x00000000aaaa0000, 0x00000000bb8b7000, 0x0000000100000000)
   the space 276572K,  38% used [0x00000000aaaa0000, 0x00000000b12cb948, 0x00000000b12cba00, 0x00000000bb8b7000)
 Metaspace       used 146708K, capacity 150710K, committed 151080K, reserved 1181696K
  class space    used 17514K, capacity 18938K, committed 19064K, reserved 1048576K
}
Event: 8400.079 GC heap before
{Heap before GC invocations=113 (full 10):
 def new generation   total 125120K, used 124527K [0x0000000080000000, 0x00000000887c0000, 0x00000000aaaa0000)
  eden space 111232K, 100% used [0x0000000080000000, 0x0000000086ca0000, 0x0000000086ca0000)
  from space 13888K,  95% used [0x0000000087a30000, 0x000000008872bf58, 0x00000000887c0000)
  to   space 13888K,   0% used [0x0000000086ca0000, 0x0000000086ca0000, 0x0000000087a30000)
 tenured generation   total 276572K, used 106670K [0x00000000aaaa0000, 0x00000000bb8b7000, 0x0000000100000000)
   the space 276572K,  38% used [0x00000000aaaa0000, 0x00000000b12cb948, 0x00000000b12cba00, 0x00000000bb8b7000)
 Metaspace       used 148402K, capacity 152679K, committed 152872K, reserved 1183744K
  class space    used 17738K, capacity 19251K, committed 19320K, reserved 1048576K
}
Event: 8400.138 GC heap after
{Heap after GC invocations=114 (full 10):
 def new generation   total 125120K, used 9182K [0x0000000080000000, 0x00000000887c0000, 0x00000000aaaa0000)
  eden space 111232K,   0% used [0x0000000080000000, 0x0000000080000000, 0x0000000086ca0000)
  from space 13888K,  66% used [0x0000000086ca0000, 0x0000000087597ac8, 0x0000000087a30000)
  to   space 13888K,   0% used [0x0000000087a30000, 0x0000000087a30000, 0x00000000887c0000)
 tenured generation   total 276572K, used 113190K [0x00000000aaaa0000, 0x00000000bb8b7000, 0x0000000100000000)
   the space 276572K,  40% used [0x00000000aaaa0000, 0x00000000b1929948, 0x00000000b1929a00, 0x00000000bb8b7000)
 Metaspace       used 148402K, capacity 152679K, committed 152872K, reserved 1183744K
  class space    used 17738K, capacity 19251K, committed 19320K, reserved 1048576K
}

