# JRE version: OpenJDK Runtime Environment (11.0.8+10) (build 11.0.8+10-b944.6842174)
# Java VM: OpenJDK 64-Bit Server VM (11.0.8+10-b944.6842174, mixed mode, tiered, compressed oops, serial gc, windows-amd64)
Heap:
 def new generation   total 110016K, used 69334K [0x0000000080000000, 0x0000000087750000, 0x00000000aaaa0000)
  eden space 97856K,  69% used [0x0000000080000000, 0x00000000842ccfc0, 0x0000000085f90000)
  from space 12160K,   7% used [0x0000000085f90000, 0x0000000086078bb0, 0x0000000086b70000)
  to   space 12160K,   0% used [0x0000000086b70000, 0x0000000086b70000, 0x0000000087750000)
 tenured generation   total 346572K, used 280693K [0x00000000aaaa0000, 0x00000000bfd13000, 0x0000000100000000)
   the space 346572K,  80% used [0x00000000aaaa0000, 0x00000000bbcbd668, 0x00000000bbcbd800, 0x00000000bfd13000)
 Metaspace       used 157879K, capacity 162039K, committed 162216K, reserved 1191936K
  class space    used 18539K, capacity 20044K, committed 20216K, reserved 1048576K
GC Heap History (20 events):
Event: 9531.088 GC heap before
{Heap before GC invocations=142 (full 11):
 def new generation   total 110016K, used 110008K [0x0000000080000000, 0x0000000087750000, 0x00000000aaaa0000)
  eden space 97856K,  99% used [0x0000000080000000, 0x0000000085f8e3e0, 0x0000000085f90000)
  from space 12160K,  99% used [0x0000000085f90000, 0x0000000086b6fff8, 0x0000000086b70000)
  to   space 12160K,   0% used [0x0000000086b70000, 0x0000000086b70000, 0x0000000087750000)
 tenured generation   total 346572K, used 207074K [0x00000000aaaa0000, 0x00000000bfd13000, 0x0000000100000000)
   the space 346572K,  59% used [0x00000000aaaa0000, 0x00000000b74d8b80, 0x00000000b74d8c00, 0x00000000bfd13000)
 Metaspace       used 157014K, capacity 161018K, committed 161448K, reserved 1189888K
  class space    used 18452K, capacity 19889K, committed 20216K, reserved 1048576K
}
Event: 9531.186 GC heap after
{Heap after GC invocations=143 (full 11):
 def new generation   total 110016K, used 11675K [0x0000000080000000, 0x0000000087750000, 0x00000000aaaa0000)
  eden space 97856K,   0% used [0x0000000080000000, 0x0000000080000000, 0x0000000085f90000)
  from space 12160K,  96% used [0x0000000086b70000, 0x00000000876d6c98, 0x0000000087750000)
  to   space 12160K,   0% used [0x0000000085f90000, 0x0000000085f90000, 0x0000000086b70000)
 tenured generation   total 346572K, used 235562K [0x00000000aaaa0000, 0x00000000bfd13000, 0x0000000100000000)
   the space 346572K,  67% used [0x00000000aaaa0000, 0x00000000b90aabf8, 0x00000000b90aac00, 0x00000000bfd13000)
 Metaspace       used 157014K, capacity 161018K, committed 161448K, reserved 1189888K
  class space    used 18452K, capacity 19889K, committed 20216K, reserved 1048576K
}
Event: 9533.246 GC heap before
{Heap before GC invocations=143 (full 11):
 def new generation   total 110016K, used 109531K [0x0000000080000000, 0x0000000087750000, 0x00000000aaaa0000)
  eden space 97856K, 100% used [0x0000000080000000, 0x0000000085f90000, 0x0000000085f90000)
  from space 12160K,  96% used [0x0000000086b70000, 0x00000000876d6c98, 0x0000000087750000)
  to   space 12160K,   0% used [0x0000000085f90000, 0x0000000085f90000, 0x0000000086b70000)
 tenured generation   total 346572K, used 235562K [0x00000000aaaa0000, 0x00000000bfd13000, 0x0000000100000000)
   the space 346572K,  67% used [0x00000000aaaa0000, 0x00000000b90aabf8, 0x00000000b90aac00, 0x00000000bfd13000)
 Metaspace       used 157025K, capacity 161018K, committed 161448K, reserved 1189888K
  class space    used 18452K, capacity 19889K, committed 20216K, reserved 1048576K
}
Event: 9533.298 GC heap after
{Heap after GC invocations=144 (full 11):
 def new generation   total 110016K, used 3007K [0x0000000080000000, 0x0000000087750000, 0x00000000aaaa0000)
  eden space 97856K,   0% used [0x0000000080000000, 0x0000000080000000, 0x0000000085f90000)
  from space 12160K,  24% used [0x0000000085f90000, 0x000000008627fdb8, 0x0000000086b70000)
  to   space 12160K,   0% used [0x0000000086b70000, 0x0000000086b70000, 0x0000000087750000)
 tenured generation   total 346572K, used 246901K [0x00000000aaaa0000, 0x00000000bfd13000, 0x0000000100000000)
   the space 346572K,  71% used [0x00000000aaaa0000, 0x00000000b9bbd6c8, 0x00000000b9bbd800, 0x00000000bfd13000)
 Metaspace       used 157025K, capacity 161018K, committed 161448K, reserved 1189888K
  class space    used 18452K, capacity 19889K, committed 20216K, reserved 1048576K
}
Event: 9537.820 GC heap before
{Heap before GC invocations=144 (full 11):
 def new generation   total 110016K, used 100863K [0x0000000080000000, 0x0000000087750000, 0x00000000aaaa0000)
  eden space 97856K, 100% used [0x0000000080000000, 0x0000000085f90000, 0x0000000085f90000)
  from space 12160K,  24% used [0x0000000085f90000, 0x000000008627fdb8, 0x0000000086b70000)
  to   space 12160K,   0% used [0x0000000086b70000, 0x0000000086b70000, 0x0000000087750000)
 tenured generation   total 346572K, used 246901K [0x00000000aaaa0000, 0x00000000bfd13000, 0x0000000100000000)
   the space 346572K,  71% used [0x00000000aaaa0000, 0x00000000b9bbd6c8, 0x00000000b9bbd800, 0x00000000bfd13000)
 Metaspace       used 157085K, capacity 161082K, committed 161448K, reserved 1189888K
  class space    used 18452K, capacity 19889K, committed 20216K, reserved 1048576K
}
Event: 9537.845 GC heap after
{Heap after GC invocations=145 (full 11):
 def new generation   total 110016K, used 6792K [0x0000000080000000, 0x0000000087750000, 0x00000000aaaa0000)
  eden space 97856K,   0% used [0x0000000080000000, 0x0000000080000000, 0x0000000085f90000)
  from space 12160K,  55% used [0x0000000086b70000, 0x0000000087212158, 0x0000000087750000)
  to   space 12160K,   0% used [0x0000000085f90000, 0x0000000085f90000, 0x0000000086b70000)
 tenured generation   total 346572K, used 246901K [0x00000000aaaa0000, 0x00000000bfd13000, 0x0000000100000000)
   the space 346572K,  71% used [0x00000000aaaa0000, 0x00000000b9bbd6c8, 0x00000000b9bbd800, 0x00000000bfd13000)
 Metaspace       used 157085K, capacity 161082K, committed 161448K, reserved 1189888K
  class space    used 18452K, capacity 19889K, committed 20216K, reserved 1048576K
}
Event: 9553.458 GC heap before
{Heap before GC invocations=145 (full 11):
 def new generation   total 110016K, used 104648K [0x0000000080000000, 0x0000000087750000, 0x00000000aaaa0000)
  eden space 97856K, 100% used [0x0000000080000000, 0x0000000085f90000, 0x0000000085f90000)
  from space 12160K,  55% used [0x0000000086b70000, 0x0000000087212158, 0x0000000087750000)
  to   space 12160K,   0% used [0x0000000085f90000, 0x0000000085f90000, 0x0000000086b70000)
 tenured generation   total 346572K, used 246901K [0x00000000aaaa0000, 0x00000000bfd13000, 0x0000000100000000)
   the space 346572K,  71% used [0x00000000aaaa0000, 0x00000000b9bbd6c8, 0x00000000b9bbd800, 0x00000000bfd13000)
 Metaspace       used 157188K, capacity 161210K, committed 161704K, reserved 1191936K
  class space    used 18452K, capacity 19889K, committed 20216K, reserved 1048576K
}
Event: 9553.477 GC heap after
{Heap after GC invocations=146 (full 11):
 def new generation   total 110016K, used 1793K [0x0000000080000000, 0x0000000087750000, 0x00000000aaaa0000)
  eden space 97856K,   0% used [0x0000000080000000, 0x0000000080000000, 0x0000000085f90000)
  from space 12160K,  14% used [0x0000000085f90000, 0x00000000861507f8, 0x0000000086b70000)
  to   space 12160K,   0% used [0x0000000086b70000, 0x0000000086b70000, 0x0000000087750000)
 tenured generation   total 346572K, used 249818K [0x00000000aaaa0000, 0x00000000bfd13000, 0x0000000100000000)
   the space 346572K,  72% used [0x00000000aaaa0000, 0x00000000b9e96a00, 0x00000000b9e96a00, 0x00000000bfd13000)
 Metaspace       used 157188K, capacity 161210K, committed 161704K, reserved 1191936K
  class space    used 18452K, capacity 19889K, committed 20216K, reserved 1048576K
}
Event: 9614.579 GC heap before
{Heap before GC invocations=146 (full 11):
 def new generation   total 110016K, used 99649K [0x0000000080000000, 0x0000000087750000, 0x00000000aaaa0000)
  eden space 97856K, 100% used [0x0000000080000000, 0x0000000085f90000, 0x0000000085f90000)
  from space 12160K,  14% used [0x0000000085f90000, 0x00000000861507f8, 0x0000000086b70000)
  to   space 12160K,   0% used [0x0000000086b70000, 0x0000000086b70000, 0x0000000087750000)
 tenured generation   total 346572K, used 249818K [0x00000000aaaa0000, 0x00000000bfd13000, 0x0000000100000000)
   the space 346572K,  72% used [0x00000000aaaa0000, 0x00000000b9e96a00, 0x00000000b9e96a00, 0x00000000bfd13000)
 Metaspace       used 157516K, capacity 161597K, committed 161960K, reserved 1191936K
  class space    used 18495K, capacity 19964K, committed 20216K, reserved 1048576K
}
Event: 9614.621 GC heap after
{Heap after GC invocations=147 (full 11):
 def new generation   total 110016K, used 6030K [0x0000000080000000, 0x0000000087750000, 0x00000000aaaa0000)
  eden space 97856K,   0% used [0x0000000080000000, 0x0000000080000000, 0x0000000085f90000)
  from space 12160K,  49% used [0x0000000086b70000, 0x00000000871539f8, 0x0000000087750000)
  to   space 12160K,   0% used [0x0000000085f90000, 0x0000000085f90000, 0x0000000086b70000)
 tenured generation   total 346572K, used 249818K [0x00000000aaaa0000, 0x00000000bfd13000, 0x0000000100000000)
   the space 346572K,  72% used [0x00000000aaaa0000, 0x00000000b9e96a00, 0x00000000b9e96a00, 0x00000000bfd13000)
 Metaspace       used 157516K, capacity 161597K, committed 161960K, reserved 1191936K
  class space    used 18495K, capacity 19964K, committed 20216K, reserved 1048576K
}
Event: 9618.043 GC heap before
{Heap before GC invocations=147 (full 11):
 def new generation   total 110016K, used 103886K [0x0000000080000000, 0x0000000087750000, 0x00000000aaaa0000)
  eden space 97856K, 100% used [0x0000000080000000, 0x0000000085f90000, 0x0000000085f90000)
  from space 12160K,  49% used [0x0000000086b70000, 0x00000000871539f8, 0x0000000087750000)
  to   space 12160K,   0% used [0x0000000085f90000, 0x0000000085f90000, 0x0000000086b70000)
 tenured generation   total 346572K, used 249818K [0x00000000aaaa0000, 0x00000000bfd13000, 0x0000000100000000)
   the space 346572K,  72% used [0x00000000aaaa0000, 0x00000000b9e96a00, 0x00000000b9e96a00, 0x00000000bfd13000)
 Metaspace       used 157546K, capacity 161642K, committed 161960K, reserved 1191936K
  class space    used 18503K, capacity 19979K, committed 20216K, reserved 1048576K
}
Event: 9618.083 GC heap after
{Heap after GC invocations=148 (full 11):
 def new generation   total 110016K, used 10389K [0x0000000080000000, 0x0000000087750000, 0x00000000aaaa0000)
  eden space 97856K,   0% used [0x0000000080000000, 0x0000000080000000, 0x0000000085f90000)
  from space 12160K,  85% used [0x0000000085f90000, 0x00000000869b5558, 0x0000000086b70000)
  to   space 12160K,   0% used [0x0000000086b70000, 0x0000000086b70000, 0x0000000087750000)
 tenured generation   total 346572K, used 249818K [0x00000000aaaa0000, 0x00000000bfd13000, 0x0000000100000000)
   the space 346572K,  72% used [0x00000000aaaa0000, 0x00000000b9e96a00, 0x00000000b9e96a00, 0x00000000bfd13000)
 Metaspace       used 157546K, capacity 161642K, committed 161960K, reserved 1191936K
  class space    used 18503K, capacity 19979K, committed 20216K, reserved 1048576K
}
Event: 9620.747 GC heap before
{Heap before GC invocations=148 (full 11):
 def new generation   total 110016K, used 108245K [0x0000000080000000, 0x0000000087750000, 0x00000000aaaa0000)
  eden space 97856K, 100% used [0x0000000080000000, 0x0000000085f90000, 0x0000000085f90000)
  from space 12160K,  85% used [0x0000000085f90000, 0x00000000869b5558, 0x0000000086b70000)
  to   space 12160K,   0% used [0x0000000086b70000, 0x0000000086b70000, 0x0000000087750000)
 tenured generation   total 346572K, used 249818K [0x00000000aaaa0000, 0x00000000bfd13000, 0x0000000100000000)
   the space 346572K,  72% used [0x00000000aaaa0000, 0x00000000b9e96a00, 0x00000000b9e96a00, 0x00000000bfd13000)
 Metaspace       used 157555K, capacity 161642K, committed 161960K, reserved 1191936K
  class space    used 18503K, capacity 19979K, committed 20216K, reserved 1048576K
}
Event: 9620.851 GC heap after
{Heap after GC invocations=149 (full 11):
 def new generation   total 110016K, used 12160K [0x0000000080000000, 0x0000000087750000, 0x00000000aaaa0000)
  eden space 97856K,   0% used [0x0000000080000000, 0x0000000080000000, 0x0000000085f90000)
  from space 12160K, 100% used [0x0000000086b70000, 0x0000000087750000, 0x0000000087750000)
  to   space 12160K,   0% used [0x0000000085f90000, 0x0000000085f90000, 0x0000000086b70000)
 tenured generation   total 346572K, used 265259K [0x00000000aaaa0000, 0x00000000bfd13000, 0x0000000100000000)
   the space 346572K,  76% used [0x00000000aaaa0000, 0x00000000badaac30, 0x00000000badaae00, 0x00000000bfd13000)
 Metaspace       used 157555K, capacity 161642K, committed 161960K, reserved 1191936K
  class space    used 18503K, capacity 19979K, committed 20216K, reserved 1048576K
}
Event: 9622.244 GC heap before
{Heap before GC invocations=149 (full 11):
 def new generation   total 110016K, used 110013K [0x0000000080000000, 0x0000000087750000, 0x00000000aaaa0000)
  eden space 97856K,  99% used [0x0000000080000000, 0x0000000085f8f5b8, 0x0000000085f90000)
  from space 12160K, 100% used [0x0000000086b70000, 0x0000000087750000, 0x0000000087750000)
  to   space 12160K,   0% used [0x0000000085f90000, 0x0000000085f90000, 0x0000000086b70000)
 tenured generation   total 346572K, used 265259K [0x00000000aaaa0000, 0x00000000bfd13000, 0x0000000100000000)
   the space 346572K,  76% used [0x00000000aaaa0000, 0x00000000badaac30, 0x00000000badaae00, 0x00000000bfd13000)
 Metaspace       used 157589K, capacity 161706K, committed 161960K, reserved 1191936K
  class space    used 18503K, capacity 19979K, committed 20216K, reserved 1048576K
}
Event: 9622.319 GC heap after
{Heap after GC invocations=150 (full 11):
 def new generation   total 110016K, used 12160K [0x0000000080000000, 0x0000000087750000, 0x00000000aaaa0000)
  eden space 97856K,   0% used [0x0000000080000000, 0x0000000080000000, 0x0000000085f90000)
  from space 12160K, 100% used [0x0000000085f90000, 0x0000000086b70000, 0x0000000086b70000)
  to   space 12160K,   0% used [0x0000000086b70000, 0x0000000086b70000, 0x0000000087750000)
 tenured generation   total 346572K, used 278213K [0x00000000aaaa0000, 0x00000000bfd13000, 0x0000000100000000)
   the space 346572K,  80% used [0x00000000aaaa0000, 0x00000000bba514a0, 0x00000000bba51600, 0x00000000bfd13000)
 Metaspace       used 157589K, capacity 161706K, committed 161960K, reserved 1191936K
  class space    used 18503K, capacity 19979K, committed 20216K, reserved 1048576K
}
Event: 9628.084 GC heap before
{Heap before GC invocations=150 (full 11):
 def new generation   total 110016K, used 110016K [0x0000000080000000, 0x0000000087750000, 0x00000000aaaa0000)
  eden space 97856K, 100% used [0x0000000080000000, 0x0000000085f90000, 0x0000000085f90000)
  from space 12160K, 100% used [0x0000000085f90000, 0x0000000086b70000, 0x0000000086b70000)
  to   space 12160K,   0% used [0x0000000086b70000, 0x0000000086b70000, 0x0000000087750000)
 tenured generation   total 346572K, used 278213K [0x00000000aaaa0000, 0x00000000bfd13000, 0x0000000100000000)
   the space 346572K,  80% used [0x00000000aaaa0000, 0x00000000bba514a0, 0x00000000bba51600, 0x00000000bfd13000)
 Metaspace       used 157643K, capacity 161770K, committed 162216K, reserved 1191936K
  class space    used 18503K, capacity 19979K, committed 20216K, reserved 1048576K
}
Event: 9628.101 GC heap after
{Heap after GC invocations=151 (full 11):
 def new generation   total 110016K, used 1392K [0x0000000080000000, 0x0000000087750000, 0x00000000aaaa0000)
  eden space 97856K,   0% used [0x0000000080000000, 0x0000000080000000, 0x0000000085f90000)
  from space 12160K,  11% used [0x0000000086b70000, 0x0000000086ccc208, 0x0000000087750000)
  to   space 12160K,   0% used [0x0000000085f90000, 0x0000000085f90000, 0x0000000086b70000)
 tenured generation   total 346572K, used 280693K [0x00000000aaaa0000, 0x00000000bfd13000, 0x0000000100000000)
   the space 346572K,  80% used [0x00000000aaaa0000, 0x00000000bbcbd668, 0x00000000bbcbd800, 0x00000000bfd13000)
 Metaspace       used 157643K, capacity 161770K, committed 162216K, reserved 1191936K
  class space    used 18503K, capacity 19979K, committed 20216K, reserved 1048576K
}
Event: 9639.126 GC heap before
{Heap before GC invocations=151 (full 11):
 def new generation   total 110016K, used 99227K [0x0000000080000000, 0x0000000087750000, 0x00000000aaaa0000)
  eden space 97856K,  99% used [0x0000000080000000, 0x0000000085f8ab38, 0x0000000085f90000)
  from space 12160K,  11% used [0x0000000086b70000, 0x0000000086ccc208, 0x0000000087750000)
  to   space 12160K,   0% used [0x0000000085f90000, 0x0000000085f90000, 0x0000000086b70000)
 tenured generation   total 346572K, used 280693K [0x00000000aaaa0000, 0x00000000bfd13000, 0x0000000100000000)
   the space 346572K,  80% used [0x00000000aaaa0000, 0x00000000bbcbd668, 0x00000000bbcbd800, 0x00000000bfd13000)
 Metaspace       used 157669K, capacity 161782K, committed 162216K, reserved 1191936K
  class space    used 18505K, capacity 19983K, committed 20216K, reserved 1048576K
}
Event: 9639.139 GC heap after
{Heap after GC invocations=152 (full 11):
 def new generation   total 110016K, used 930K [0x0000000080000000, 0x0000000087750000, 0x00000000aaaa0000)
  eden space 97856K,   0% used [0x0000000080000000, 0x0000000080000000, 0x0000000085f90000)
  from space 12160K,   7% used [0x0000000085f90000, 0x0000000086078bb0, 0x0000000086b70000)
  to   space 12160K,   0% used [0x0000000086b70000, 0x0000000086b70000, 0x0000000087750000)
 tenured generation   total 346572K, used 280693K [0x00000000aaaa0000, 0x00000000bfd13000, 0x0000000100000000)
   the space 346572K,  80% used [0x00000000aaaa0000, 0x00000000bbcbd668, 0x00000000bbcbd800, 0x00000000bfd13000)
 Metaspace       used 157669K, capacity 161782K, committed 162216K, reserved 1191936K
  class space    used 18505K, capacity 19983K, committed 20216K, reserved 1048576K
}

