# JRE version: OpenJDK Runtime Environment (11.0.8+10) (build 11.0.8+10-b944.6842174)
# Java VM: OpenJDK 64-Bit Server VM (11.0.8+10-b944.6842174, mixed mode, tiered, compressed oops, serial gc, windows-amd64)
Heap:
 def new generation   total 67520K, used 37952K [0x0000000080000000, 0x0000000084940000, 0x00000000aaaa0000)
  eden space 60032K,  62% used [0x0000000080000000, 0x00000000824b4300, 0x0000000083aa0000)
  from space 7488K,   4% used [0x00000000841f0000, 0x000000008424bd40, 0x0000000084940000)
  to   space 7488K,   0% used [0x0000000083aa0000, 0x0000000083aa0000, 0x00000000841f0000)
 tenured generation   total 148612K, used 89166K [0x00000000aaaa0000, 0x00000000b3bc1000, 0x0000000100000000)
   the space 148612K,  59% used [0x00000000aaaa0000, 0x00000000b01b3a50, 0x00000000b01b3c00, 0x00000000b3bc1000)
 Metaspace       used 85389K, capacity 87578K, committed 87848K, reserved 1126400K
  class space    used 10618K, capacity 11322K, committed 11384K, reserved 1048576K
GC Heap History (20 events):
Event: 52.289 GC heap before
{Heap before GC invocations=39 (full 3):
 def new generation   total 28992K, used 28983K [0x0000000080000000, 0x0000000081f70000, 0x00000000aaaa0000)
  eden space 25792K,  99% used [0x0000000080000000, 0x000000008192dc68, 0x0000000081930000)
  from space 3200K, 100% used [0x0000000081c50000, 0x0000000081f70000, 0x0000000081f70000)
  to   space 3200K,   0% used [0x0000000081930000, 0x0000000081930000, 0x0000000081c50000)
 tenured generation   total 63068K, used 57644K [0x00000000aaaa0000, 0x00000000ae837000, 0x0000000100000000)
   the space 63068K,  91% used [0x00000000aaaa0000, 0x00000000ae2eb098, 0x00000000ae2eb200, 0x00000000ae837000)
 Metaspace       used 79111K, capacity 81199K, committed 81576K, reserved 1120256K
  class space    used 10168K, capacity 10877K, committed 11000K, reserved 1048576K
}
Event: 52.309 GC heap after
{Heap after GC invocations=40 (full 3):
 def new generation   total 28992K, used 1970K [0x0000000080000000, 0x0000000081f70000, 0x00000000aaaa0000)
  eden space 25792K,   0% used [0x0000000080000000, 0x0000000080000000, 0x0000000081930000)
  from space 3200K,  61% used [0x0000000081930000, 0x0000000081b1c828, 0x0000000081c50000)
  to   space 3200K,   0% used [0x0000000081c50000, 0x0000000081c50000, 0x0000000081f70000)
 tenured generation   total 63068K, used 60795K [0x00000000aaaa0000, 0x00000000ae837000, 0x0000000100000000)
   the space 63068K,  96% used [0x00000000aaaa0000, 0x00000000ae5fed38, 0x00000000ae5fee00, 0x00000000ae837000)
 Metaspace       used 79111K, capacity 81199K, committed 81576K, reserved 1120256K
  class space    used 10168K, capacity 10877K, committed 11000K, reserved 1048576K
}
Event: 111.067 GC heap before
{Heap before GC invocations=40 (full 3):
 def new generation   total 28992K, used 27762K [0x0000000080000000, 0x0000000081f70000, 0x00000000aaaa0000)
  eden space 25792K, 100% used [0x0000000080000000, 0x0000000081930000, 0x0000000081930000)
  from space 3200K,  61% used [0x0000000081930000, 0x0000000081b1c828, 0x0000000081c50000)
  to   space 3200K,   0% used [0x0000000081c50000, 0x0000000081c50000, 0x0000000081f70000)
 tenured generation   total 63068K, used 60795K [0x00000000aaaa0000, 0x00000000ae837000, 0x0000000100000000)
   the space 63068K,  96% used [0x00000000aaaa0000, 0x00000000ae5fed38, 0x00000000ae5fee00, 0x00000000ae837000)
 Metaspace       used 80359K, capacity 82398K, committed 82600K, reserved 1120256K
  class space    used 10240K, capacity 10969K, committed 11000K, reserved 1048576K
}
Event: 111.084 GC heap after
{Heap after GC invocations=41 (full 3):
 def new generation   total 28992K, used 1846K [0x0000000080000000, 0x0000000081f70000, 0x00000000aaaa0000)
  eden space 25792K,   0% used [0x0000000080000000, 0x0000000080000000, 0x0000000081930000)
  from space 3200K,  57% used [0x0000000081c50000, 0x0000000081e1d960, 0x0000000081f70000)
  to   space 3200K,   0% used [0x0000000081930000, 0x0000000081930000, 0x0000000081c50000)
 tenured generation   total 63068K, used 62729K [0x00000000aaaa0000, 0x00000000ae837000, 0x0000000100000000)
   the space 63068K,  99% used [0x00000000aaaa0000, 0x00000000ae7e24b0, 0x00000000ae7e2600, 0x00000000ae837000)
 Metaspace       used 80359K, capacity 82398K, committed 82600K, reserved 1120256K
  class space    used 10240K, capacity 10969K, committed 11000K, reserved 1048576K
}
Event: 113.885 GC heap before
{Heap before GC invocations=41 (full 3):
 def new generation   total 28992K, used 27638K [0x0000000080000000, 0x0000000081f70000, 0x00000000aaaa0000)
  eden space 25792K, 100% used [0x0000000080000000, 0x0000000081930000, 0x0000000081930000)
  from space 3200K,  57% used [0x0000000081c50000, 0x0000000081e1d960, 0x0000000081f70000)
  to   space 3200K,   0% used [0x0000000081930000, 0x0000000081930000, 0x0000000081c50000)
 tenured generation   total 63068K, used 62729K [0x00000000aaaa0000, 0x00000000ae837000, 0x0000000100000000)
   the space 63068K,  99% used [0x00000000aaaa0000, 0x00000000ae7e24b0, 0x00000000ae7e2600, 0x00000000ae837000)
 Metaspace       used 80945K, capacity 83007K, committed 83112K, reserved 1122304K
  class space    used 10246K, capacity 10979K, committed 11000K, reserved 1048576K
}
Event: 114.132 GC heap after
{Heap after GC invocations=42 (full 4):
 def new generation   total 38784K, used 0K [0x0000000080000000, 0x0000000082a10000, 0x00000000aaaa0000)
  eden space 34496K,   0% used [0x0000000080000000, 0x0000000080000000, 0x00000000821b0000)
  from space 4288K,   0% used [0x00000000821b0000, 0x00000000821b0000, 0x00000000825e0000)
  to   space 4288K,   0% used [0x00000000825e0000, 0x00000000825e0000, 0x0000000082a10000)
 tenured generation   total 84828K, used 50894K [0x00000000aaaa0000, 0x00000000afd77000, 0x0000000100000000)
   the space 84828K,  59% used [0x00000000aaaa0000, 0x00000000adc53af8, 0x00000000adc53c00, 0x00000000afd77000)
 Metaspace       used 80945K, capacity 83007K, committed 83112K, reserved 1122304K
  class space    used 10246K, capacity 10979K, committed 11000K, reserved 1048576K
}
Event: 119.296 GC heap before
{Heap before GC invocations=42 (full 4):
 def new generation   total 38784K, used 34465K [0x0000000080000000, 0x0000000082a10000, 0x00000000aaaa0000)
  eden space 34496K,  99% used [0x0000000080000000, 0x00000000821a86d0, 0x00000000821b0000)
  from space 4288K,   0% used [0x00000000821b0000, 0x00000000821b0000, 0x00000000825e0000)
  to   space 4288K,   0% used [0x00000000825e0000, 0x00000000825e0000, 0x0000000082a10000)
 tenured generation   total 84828K, used 50894K [0x00000000aaaa0000, 0x00000000afd77000, 0x0000000100000000)
   the space 84828K,  59% used [0x00000000aaaa0000, 0x00000000adc53af8, 0x00000000adc53c00, 0x00000000afd77000)
 Metaspace       used 81627K, capacity 83716K, committed 83880K, reserved 1122304K
  class space    used 10278K, capacity 10986K, committed 11000K, reserved 1048576K
}
Event: 119.303 GC heap after
{Heap after GC invocations=43 (full 4):
 def new generation   total 38784K, used 1217K [0x0000000080000000, 0x0000000082a10000, 0x00000000aaaa0000)
  eden space 34496K,   0% used [0x0000000080000000, 0x0000000080000000, 0x00000000821b0000)
  from space 4288K,  28% used [0x00000000825e0000, 0x00000000827106c8, 0x0000000082a10000)
  to   space 4288K,   0% used [0x00000000821b0000, 0x00000000821b0000, 0x00000000825e0000)
 tenured generation   total 84828K, used 50894K [0x00000000aaaa0000, 0x00000000afd77000, 0x0000000100000000)
   the space 84828K,  59% used [0x00000000aaaa0000, 0x00000000adc53af8, 0x00000000adc53c00, 0x00000000afd77000)
 Metaspace       used 81627K, capacity 83716K, committed 83880K, reserved 1122304K
  class space    used 10278K, capacity 10986K, committed 11000K, reserved 1048576K
}
Event: 121.255 GC heap before
{Heap before GC invocations=43 (full 4):
 def new generation   total 38784K, used 35713K [0x0000000080000000, 0x0000000082a10000, 0x00000000aaaa0000)
  eden space 34496K, 100% used [0x0000000080000000, 0x00000000821b0000, 0x00000000821b0000)
  from space 4288K,  28% used [0x00000000825e0000, 0x00000000827106c8, 0x0000000082a10000)
  to   space 4288K,   0% used [0x00000000821b0000, 0x00000000821b0000, 0x00000000825e0000)
 tenured generation   total 84828K, used 50894K [0x00000000aaaa0000, 0x00000000afd77000, 0x0000000100000000)
   the space 84828K,  59% used [0x00000000aaaa0000, 0x00000000adc53af8, 0x00000000adc53c00, 0x00000000afd77000)
 Metaspace       used 81690K, capacity 83783K, committed 83880K, reserved 1122304K
  class space    used 10278K, capacity 10986K, committed 11000K, reserved 1048576K
}
Event: 121.284 GC heap after
{Heap after GC invocations=44 (full 4):
 def new generation   total 38784K, used 4288K [0x0000000080000000, 0x0000000082a10000, 0x00000000aaaa0000)
  eden space 34496K,   0% used [0x0000000080000000, 0x0000000080000000, 0x00000000821b0000)
  from space 4288K, 100% used [0x00000000821b0000, 0x00000000825e0000, 0x00000000825e0000)
  to   space 4288K,   0% used [0x00000000825e0000, 0x00000000825e0000, 0x0000000082a10000)
 tenured generation   total 84828K, used 53491K [0x00000000aaaa0000, 0x00000000afd77000, 0x0000000100000000)
   the space 84828K,  63% used [0x00000000aaaa0000, 0x00000000adedcf20, 0x00000000adedd000, 0x00000000afd77000)
 Metaspace       used 81690K, capacity 83783K, committed 83880K, reserved 1122304K
  class space    used 10278K, capacity 10986K, committed 11000K, reserved 1048576K
}
Event: 122.572 GC heap before
{Heap before GC invocations=44 (full 4):
 def new generation   total 38784K, used 38784K [0x0000000080000000, 0x0000000082a10000, 0x00000000aaaa0000)
  eden space 34496K, 100% used [0x0000000080000000, 0x00000000821b0000, 0x00000000821b0000)
  from space 4288K, 100% used [0x00000000821b0000, 0x00000000825e0000, 0x00000000825e0000)
  to   space 4288K,   0% used [0x00000000825e0000, 0x00000000825e0000, 0x0000000082a10000)
 tenured generation   total 84828K, used 53491K [0x00000000aaaa0000, 0x00000000afd77000, 0x0000000100000000)
   the space 84828K,  63% used [0x00000000aaaa0000, 0x00000000adedcf20, 0x00000000adedd000, 0x00000000afd77000)
 Metaspace       used 81842K, capacity 83911K, committed 84136K, reserved 1122304K
  class space    used 10279K, capacity 10986K, committed 11000K, reserved 1048576K
}
Event: 122.624 GC heap after
{Heap after GC invocations=45 (full 4):
 def new generation   total 38784K, used 4288K [0x0000000080000000, 0x0000000082a10000, 0x00000000aaaa0000)
  eden space 34496K,   0% used [0x0000000080000000, 0x0000000080000000, 0x00000000821b0000)
  from space 4288K, 100% used [0x00000000825e0000, 0x0000000082a10000, 0x0000000082a10000)
  to   space 4288K,   0% used [0x00000000821b0000, 0x00000000821b0000, 0x00000000825e0000)
 tenured generation   total 84828K, used 61890K [0x00000000aaaa0000, 0x00000000afd77000, 0x0000000100000000)
   the space 84828K,  72% used [0x00000000aaaa0000, 0x00000000ae710928, 0x00000000ae710a00, 0x00000000afd77000)
 Metaspace       used 81842K, capacity 83911K, committed 84136K, reserved 1122304K
  class space    used 10279K, capacity 10986K, committed 11000K, reserved 1048576K
}
Event: 126.176 GC heap before
{Heap before GC invocations=45 (full 4):
 def new generation   total 38784K, used 38773K [0x0000000080000000, 0x0000000082a10000, 0x00000000aaaa0000)
  eden space 34496K,  99% used [0x0000000080000000, 0x00000000821ad470, 0x00000000821b0000)
  from space 4288K, 100% used [0x00000000825e0000, 0x0000000082a10000, 0x0000000082a10000)
  to   space 4288K,   0% used [0x00000000821b0000, 0x00000000821b0000, 0x00000000825e0000)
 tenured generation   total 84828K, used 61890K [0x00000000aaaa0000, 0x00000000afd77000, 0x0000000100000000)
   the space 84828K,  72% used [0x00000000aaaa0000, 0x00000000ae710928, 0x00000000ae710a00, 0x00000000afd77000)
 Metaspace       used 84259K, capacity 86450K, committed 86824K, reserved 1124352K
  class space    used 10532K, capacity 11249K, committed 11384K, reserved 1048576K
}
Event: 126.213 GC heap after
{Heap after GC invocations=46 (full 4):
 def new generation   total 38784K, used 4287K [0x0000000080000000, 0x0000000082a10000, 0x00000000aaaa0000)
  eden space 34496K,   0% used [0x0000000080000000, 0x0000000080000000, 0x00000000821b0000)
  from space 4288K,  99% used [0x00000000821b0000, 0x00000000825dfff8, 0x00000000825e0000)
  to   space 4288K,   0% used [0x00000000825e0000, 0x00000000825e0000, 0x0000000082a10000)
 tenured generation   total 84828K, used 66411K [0x00000000aaaa0000, 0x00000000afd77000, 0x0000000100000000)
   the space 84828K,  78% used [0x00000000aaaa0000, 0x00000000aeb7ac48, 0x00000000aeb7ae00, 0x00000000afd77000)
 Metaspace       used 84259K, capacity 86450K, committed 86824K, reserved 1124352K
  class space    used 10532K, capacity 11249K, committed 11384K, reserved 1048576K
}
Event: 129.352 GC heap before
{Heap before GC invocations=46 (full 4):
 def new generation   total 38784K, used 27578K [0x0000000080000000, 0x0000000082a10000, 0x00000000aaaa0000)
  eden space 34496K,  67% used [0x0000000080000000, 0x00000000816beab8, 0x00000000821b0000)
  from space 4288K,  99% used [0x00000000821b0000, 0x00000000825dfff8, 0x00000000825e0000)
  to   space 4288K,   0% used [0x00000000825e0000, 0x00000000825e0000, 0x0000000082a10000)
 tenured generation   total 84828K, used 66411K [0x00000000aaaa0000, 0x00000000afd77000, 0x0000000100000000)
   the space 84828K,  78% used [0x00000000aaaa0000, 0x00000000aeb7ac48, 0x00000000aeb7ae00, 0x00000000afd77000)
 Metaspace       used 85291K, capacity 87419K, committed 87592K, reserved 1126400K
  class space    used 10611K, capacity 11315K, committed 11384K, reserved 1048576K
}
Event: 129.415 GC heap after
{Heap after GC invocations=47 (full 4):
 def new generation   total 38784K, used 3072K [0x0000000080000000, 0x0000000082a10000, 0x00000000aaaa0000)
  eden space 34496K,   0% used [0x0000000080000000, 0x0000000080000000, 0x00000000821b0000)
  from space 4288K,  71% used [0x00000000825e0000, 0x00000000828e0240, 0x0000000082a10000)
  to   space 4288K,   0% used [0x00000000821b0000, 0x00000000821b0000, 0x00000000825e0000)
 tenured generation   total 84828K, used 69606K [0x00000000aaaa0000, 0x00000000afd77000, 0x0000000100000000)
   the space 84828K,  82% used [0x00000000aaaa0000, 0x00000000aee999c0, 0x00000000aee99a00, 0x00000000afd77000)
 Metaspace       used 85291K, capacity 87419K, committed 87592K, reserved 1126400K
  class space    used 10611K, capacity 11315K, committed 11384K, reserved 1048576K
}
Event: 130.504 GC heap before
{Heap before GC invocations=47 (full 4):
 def new generation   total 38784K, used 37568K [0x0000000080000000, 0x0000000082a10000, 0x00000000aaaa0000)
  eden space 34496K,  99% used [0x0000000080000000, 0x00000000821afe18, 0x00000000821b0000)
  from space 4288K,  71% used [0x00000000825e0000, 0x00000000828e0240, 0x0000000082a10000)
  to   space 4288K,   0% used [0x00000000821b0000, 0x00000000821b0000, 0x00000000825e0000)
 tenured generation   total 84828K, used 69606K [0x00000000aaaa0000, 0x00000000afd77000, 0x0000000100000000)
   the space 84828K,  82% used [0x00000000aaaa0000, 0x00000000aee999c0, 0x00000000aee99a00, 0x00000000afd77000)
 Metaspace       used 85301K, capacity 87483K, committed 87592K, reserved 1126400K
  class space    used 10612K, capacity 11315K, committed 11384K, reserved 1048576K
}
Event: 130.816 GC heap after
{Heap after GC invocations=48 (full 5):
 def new generation   total 67520K, used 0K [0x0000000080000000, 0x0000000084940000, 0x00000000aaaa0000)
  eden space 60032K,   0% used [0x0000000080000000, 0x0000000080000000, 0x0000000083aa0000)
  from space 7488K,   0% used [0x0000000083aa0000, 0x0000000083aa0000, 0x00000000841f0000)
  to   space 7488K,   0% used [0x00000000841f0000, 0x00000000841f0000, 0x0000000084940000)
 tenured generation   total 148612K, used 89166K [0x00000000aaaa0000, 0x00000000b3bc1000, 0x0000000100000000)
   the space 148612K,  59% used [0x00000000aaaa0000, 0x00000000b01b3a50, 0x00000000b01b3c00, 0x00000000b3bc1000)
 Metaspace       used 85301K, capacity 87483K, committed 87592K, reserved 1126400K
  class space    used 10612K, capacity 11315K, committed 11384K, reserved 1048576K
}
Event: 132.310 GC heap before
{Heap before GC invocations=48 (full 5):
 def new generation   total 67520K, used 59634K [0x0000000080000000, 0x0000000084940000, 0x00000000aaaa0000)
  eden space 60032K,  99% used [0x0000000080000000, 0x0000000083a3c9b0, 0x0000000083aa0000)
  from space 7488K,   0% used [0x0000000083aa0000, 0x0000000083aa0000, 0x00000000841f0000)
  to   space 7488K,   0% used [0x00000000841f0000, 0x00000000841f0000, 0x0000000084940000)
 tenured generation   total 148612K, used 89166K [0x00000000aaaa0000, 0x00000000b3bc1000, 0x0000000100000000)
   the space 148612K,  59% used [0x00000000aaaa0000, 0x00000000b01b3a50, 0x00000000b01b3c00, 0x00000000b3bc1000)
 Metaspace       used 85324K, capacity 87504K, committed 87592K, reserved 1126400K
  class space    used 10615K, capacity 11319K, committed 11384K, reserved 1048576K
}
Event: 132.312 GC heap after
{Heap after GC invocations=49 (full 5):
 def new generation   total 67520K, used 367K [0x0000000080000000, 0x0000000084940000, 0x00000000aaaa0000)
  eden space 60032K,   0% used [0x0000000080000000, 0x0000000080000000, 0x0000000083aa0000)
  from space 7488K,   4% used [0x00000000841f0000, 0x000000008424bd40, 0x0000000084940000)
  to   space 7488K,   0% used [0x0000000083aa0000, 0x0000000083aa0000, 0x00000000841f0000)
 tenured generation   total 148612K, used 89166K [0x00000000aaaa0000, 0x00000000b3bc1000, 0x0000000100000000)
   the space 148612K,  59% used [0x00000000aaaa0000, 0x00000000b01b3a50, 0x00000000b01b3c00, 0x00000000b3bc1000)
 Metaspace       used 85324K, capacity 87504K, committed 87592K, reserved 1126400K
  class space    used 10615K, capacity 11319K, committed 11384K, reserved 1048576K
}

